{"meta": {"format": 3, "version": "7.10.7", "timestamp": "2025-10-17T08:10:21.050787", "branch_coverage": false, "show_contexts": false}, "files": {"run_comprehensive_tests.py": {"executed_lines": [], "summary": {"covered_lines": 0, "num_statements": 192, "percent_covered": 0.0, "percent_covered_display": "0", "missing_lines": 192, "excluded_lines": 0}, "missing_lines": [9, 10, 11, 12, 13, 14, 15, 16, 19, 22, 24, 25, 35, 36, 37, 39, 41, 49, 51, 53, 55, 56, 57, 59, 62, 63, 64, 65, 66, 69, 70, 71, 74, 75, 76, 77, 80, 81, 83, 84, 86, 88, 92, 93, 94, 97, 101, 102, 103, 105, 107, 108, 109, 111, 113, 115, 116, 118, 119, 120, 122, 123, 125, 127, 132, 133, 136, 137, 138, 139, 140, 141, 142, 144, 145, 148, 150, 158, 159, 160, 162, 164, 166, 179, 180, 181, 183, 184, 185, 186, 187, 188, 189, 192, 193, 194, 195, 197, 198, 199, 200, 202, 204, 206, 209, 210, 211, 213, 214, 216, 218, 219, 221, 222, 224, 226, 228, 230, 232, 235, 236, 237, 238, 239, 240, 242, 245, 246, 247, 248, 250, 255, 256, 257, 260, 261, 262, 263, 264, 266, 269, 270, 271, 272, 274, 279, 280, 281, 283, 285, 287, 296, 297, 300, 312, 313, 314, 315, 316, 317, 318, 320, 322, 329, 330, 331, 332, 334, 335, 336, 338, 350, 353, 355, 358, 361, 364, 367, 370, 373, 374, 377, 378, 379, 380, 381, 382, 383, 384, 387, 390, 391], "excluded_lines": [], "functions": {"TestRunner.__init__": {"executed_lines": [], "summary": {"covered_lines": 0, "num_statements": 5, "percent_covered": 0.0, "percent_covered_display": "0", "missing_lines": 5, "excluded_lines": 0}, "missing_lines": [24, 25, 35, 36, 37], "excluded_lines": []}, "TestRunner.setup_logging": {"executed_lines": [], "summary": {"covered_lines": 0, "num_statements": 2, "percent_covered": 0.0, "percent_covered_display": "0", "missing_lines": 2, "excluded_lines": 0}, "missing_lines": [41, 49], "excluded_lines": []}, "TestRunner.run_system_tests": {"executed_lines": [], "summary": {"covered_lines": 0, "num_statements": 35, "percent_covered": 0.0, "percent_covered_display": "0", "missing_lines": 35, "excluded_lines": 0}, "missing_lines": [53, 55, 56, 57, 59, 62, 63, 64, 65, 66, 69, 70, 71, 74, 75, 76, 77, 80, 81, 83, 84, 86, 88, 92, 93, 94, 97, 101, 102, 103, 105, 107, 108, 109, 111], "excluded_lines": []}, "TestRunner.run_all_tests": {"executed_lines": [], "summary": {"covered_lines": 0, "num_statements": 26, "percent_covered": 0.0, "percent_covered_display": "0", "missing_lines": 26, "excluded_lines": 0}, "missing_lines": [115, 116, 118, 119, 120, 122, 123, 125, 127, 132, 133, 136, 137, 138, 139, 140, 141, 142, 144, 145, 148, 150, 158, 159, 160, 162], "excluded_lines": []}, "TestRunner.generate_coverage_report": {"executed_lines": [], "summary": {"covered_lines": 0, "num_statements": 27, "percent_covered": 0.0, "percent_covered_display": "0", "missing_lines": 27, "excluded_lines": 0}, "missing_lines": [166, 179, 180, 181, 183, 184, 185, 186, 187, 188, 189, 192, 193, 194, 195, 197, 198, 199, 200, 202, 204, 206, 209, 210, 211, 213, 214], "excluded_lines": []}, "TestRunner.check_coverage_threshold": {"executed_lines": [], "summary": {"covered_lines": 0, "num_statements": 6, "percent_covered": 0.0, "percent_covered_display": "0", "missing_lines": 6, "excluded_lines": 0}, "missing_lines": [218, 219, 221, 222, 224, 226], "excluded_lines": []}, "TestRunner.run_performance_tests": {"executed_lines": [], "summary": {"covered_lines": 0, "num_statements": 32, "percent_covered": 0.0, "percent_covered_display": "0", "missing_lines": 32, "excluded_lines": 0}, "missing_lines": [230, 232, 235, 236, 237, 238, 239, 240, 242, 245, 246, 247, 248, 250, 255, 256, 257, 260, 261, 262, 263, 264, 266, 269, 270, 271, 272, 274, 279, 280, 281, 283], "excluded_lines": []}, "TestRunner.generate_final_report": {"executed_lines": [], "summary": {"covered_lines": 0, "num_statements": 22, "percent_covered": 0.0, "percent_covered_display": "0", "missing_lines": 22, "excluded_lines": 0}, "missing_lines": [287, 296, 297, 300, 312, 313, 314, 315, 316, 317, 318, 320, 322, 329, 330, 331, 332, 334, 335, 336, 338, 350], "excluded_lines": []}, "main": {"executed_lines": [], "summary": {"covered_lines": 0, "num_statements": 17, "percent_covered": 0.0, "percent_covered_display": "0", "missing_lines": 17, "excluded_lines": 0}, "missing_lines": [355, 358, 361, 364, 367, 370, 373, 374, 377, 378, 379, 380, 381, 382, 383, 384, 387], "excluded_lines": []}, "": {"executed_lines": [], "summary": {"covered_lines": 0, "num_statements": 20, "percent_covered": 0.0, "percent_covered_display": "0", "missing_lines": 20, "excluded_lines": 0}, "missing_lines": [9, 10, 11, 12, 13, 14, 15, 16, 19, 22, 39, 51, 113, 164, 216, 228, 285, 353, 390, 391], "excluded_lines": []}}, "classes": {"TestRunner": {"executed_lines": [], "summary": {"covered_lines": 0, "num_statements": 155, "percent_covered": 0.0, "percent_covered_display": "0", "missing_lines": 155, "excluded_lines": 0}, "missing_lines": [24, 25, 35, 36, 37, 41, 49, 53, 55, 56, 57, 59, 62, 63, 64, 65, 66, 69, 70, 71, 74, 75, 76, 77, 80, 81, 83, 84, 86, 88, 92, 93, 94, 97, 101, 102, 103, 105, 107, 108, 109, 111, 115, 116, 118, 119, 120, 122, 123, 125, 127, 132, 133, 136, 137, 138, 139, 140, 141, 142, 144, 145, 148, 150, 158, 159, 160, 162, 166, 179, 180, 181, 183, 184, 185, 186, 187, 188, 189, 192, 193, 194, 195, 197, 198, 199, 200, 202, 204, 206, 209, 210, 211, 213, 214, 218, 219, 221, 222, 224, 226, 230, 232, 235, 236, 237, 238, 239, 240, 242, 245, 246, 247, 248, 250, 255, 256, 257, 260, 261, 262, 263, 264, 266, 269, 270, 271, 272, 274, 279, 280, 281, 283, 287, 296, 297, 300, 312, 313, 314, 315, 316, 317, 318, 320, 322, 329, 330, 331, 332, 334, 335, 336, 338, 350], "excluded_lines": []}, "": {"executed_lines": [], "summary": {"covered_lines": 0, "num_statements": 37, "percent_covered": 0.0, "percent_covered_display": "0", "missing_lines": 37, "excluded_lines": 0}, "missing_lines": [9, 10, 11, 12, 13, 14, 15, 16, 19, 22, 39, 51, 113, 164, 216, 228, 285, 353, 355, 358, 361, 364, 367, 370, 373, 374, 377, 378, 379, 380, 381, 382, 383, 384, 387, 390, 391], "excluded_lines": []}}}, "run_tests.py": {"executed_lines": [], "summary": {"covered_lines": 0, "num_statements": 132, "percent_covered": 0.0, "percent_covered_display": "0", "missing_lines": 132, "excluded_lines": 0}, "missing_lines": [8, 9, 10, 11, 12, 15, 17, 18, 19, 20, 22, 23, 24, 25, 27, 28, 31, 33, 36, 37, 38, 41, 42, 43, 45, 46, 47, 49, 52, 54, 64, 67, 69, 77, 80, 82, 90, 93, 95, 106, 109, 112, 113, 114, 117, 118, 119, 122, 123, 124, 127, 128, 129, 131, 134, 137, 138, 139, 142, 143, 144, 147, 148, 149, 151, 154, 156, 157, 158, 161, 162, 164, 165, 168, 169, 170, 171, 172, 173, 174, 177, 179, 180, 181, 182, 183, 184, 185, 186, 187, 189, 191, 192, 195, 196, 198, 201, 202, 203, 206, 207, 208, 210, 211, 212, 214, 215, 216, 218, 219, 220, 222, 223, 224, 227, 228, 229, 231, 232, 234, 235, 238, 239, 242, 243, 244, 245, 247, 248, 249, 252, 253], "excluded_lines": [], "functions": {"run_command": {"executed_lines": [], "summary": {"covered_lines": 0, "num_statements": 10, "percent_covered": 0.0, "percent_covered_display": "0", "missing_lines": 10, "excluded_lines": 0}, "missing_lines": [17, 18, 19, 20, 22, 23, 24, 25, 27, 28], "excluded_lines": []}, "install_dependencies": {"executed_lines": [], "summary": {"covered_lines": 0, "num_statements": 11, "percent_covered": 0.0, "percent_covered_display": "0", "missing_lines": 11, "excluded_lines": 0}, "missing_lines": [33, 36, 37, 38, 41, 42, 43, 45, 46, 47, 49], "excluded_lines": []}, "run_unit_tests": {"executed_lines": [], "summary": {"covered_lines": 0, "num_statements": 2, "percent_covered": 0.0, "percent_covered_display": "0", "missing_lines": 2, "excluded_lines": 0}, "missing_lines": [54, 64], "excluded_lines": []}, "run_integration_tests": {"executed_lines": [], "summary": {"covered_lines": 0, "num_statements": 2, "percent_covered": 0.0, "percent_covered_display": "0", "missing_lines": 2, "excluded_lines": 0}, "missing_lines": [69, 77], "excluded_lines": []}, "run_e2e_tests": {"executed_lines": [], "summary": {"covered_lines": 0, "num_statements": 2, "percent_covered": 0.0, "percent_covered_display": "0", "missing_lines": 2, "excluded_lines": 0}, "missing_lines": [82, 90], "excluded_lines": []}, "run_all_tests": {"executed_lines": [], "summary": {"covered_lines": 0, "num_statements": 2, "percent_covered": 0.0, "percent_covered_display": "0", "missing_lines": 2, "excluded_lines": 0}, "missing_lines": [95, 106], "excluded_lines": []}, "run_lint_checks": {"executed_lines": [], "summary": {"covered_lines": 0, "num_statements": 13, "percent_covered": 0.0, "percent_covered_display": "0", "missing_lines": 13, "excluded_lines": 0}, "missing_lines": [112, 113, 114, 117, 118, 119, 122, 123, 124, 127, 128, 129, 131], "excluded_lines": []}, "run_security_checks": {"executed_lines": [], "summary": {"covered_lines": 0, "num_statements": 10, "percent_covered": 0.0, "percent_covered_display": "0", "missing_lines": 10, "excluded_lines": 0}, "missing_lines": [137, 138, 139, 142, 143, 144, 147, 148, 149, 151], "excluded_lines": []}, "generate_test_report": {"executed_lines": [], "summary": {"covered_lines": 0, "num_statements": 14, "percent_covered": 0.0, "percent_covered_display": "0", "missing_lines": 14, "excluded_lines": 0}, "missing_lines": [156, 157, 158, 161, 162, 164, 165, 168, 169, 170, 171, 172, 173, 174], "excluded_lines": []}, "main": {"executed_lines": [], "summary": {"covered_lines": 0, "num_statements": 49, "percent_covered": 0.0, "percent_covered_display": "0", "missing_lines": 49, "excluded_lines": 0}, "missing_lines": [179, 180, 181, 182, 183, 184, 185, 186, 187, 189, 191, 192, 195, 196, 198, 201, 202, 203, 206, 207, 208, 210, 211, 212, 214, 215, 216, 218, 219, 220, 222, 223, 224, 227, 228, 229, 231, 232, 234, 235, 238, 239, 242, 243, 244, 245, 247, 248, 249], "excluded_lines": []}, "": {"executed_lines": [], "summary": {"covered_lines": 0, "num_statements": 17, "percent_covered": 0.0, "percent_covered_display": "0", "missing_lines": 17, "excluded_lines": 0}, "missing_lines": [8, 9, 10, 11, 12, 15, 31, 52, 67, 80, 93, 109, 134, 154, 177, 252, 253], "excluded_lines": []}}, "classes": {"": {"executed_lines": [], "summary": {"covered_lines": 0, "num_statements": 132, "percent_covered": 0.0, "percent_covered_display": "0", "missing_lines": 132, "excluded_lines": 0}, "missing_lines": [8, 9, 10, 11, 12, 15, 17, 18, 19, 20, 22, 23, 24, 25, 27, 28, 31, 33, 36, 37, 38, 41, 42, 43, 45, 46, 47, 49, 52, 54, 64, 67, 69, 77, 80, 82, 90, 93, 95, 106, 109, 112, 113, 114, 117, 118, 119, 122, 123, 124, 127, 128, 129, 131, 134, 137, 138, 139, 142, 143, 144, 147, 148, 149, 151, 154, 156, 157, 158, 161, 162, 164, 165, 168, 169, 170, 171, 172, 173, 174, 177, 179, 180, 181, 182, 183, 184, 185, 186, 187, 189, 191, 192, 195, 196, 198, 201, 202, 203, 206, 207, 208, 210, 211, 212, 214, 215, 216, 218, 219, 220, 222, 223, 224, 227, 228, 229, 231, 232, 234, 235, 238, 239, 242, 243, 244, 245, 247, 248, 249, 252, 253], "excluded_lines": []}}}, "start_execution.py": {"executed_lines": [], "summary": {"covered_lines": 0, "num_statements": 123, "percent_covered": 0.0, "percent_covered_display": "0", "missing_lines": 123, "excluded_lines": 0}, "missing_lines": [9, 10, 11, 14, 15, 16, 18, 19, 21, 25, 26, 28, 31, 32, 33, 34, 35, 36, 37, 38, 41, 53, 56, 57, 58, 60, 63, 65, 66, 67, 69, 70, 72, 73, 74, 75, 76, 78, 79, 81, 82, 83, 84, 85, 86, 87, 88, 89, 90, 91, 92, 93, 94, 95, 98, 100, 101, 102, 103, 104, 105, 106, 107, 108, 109, 110, 111, 113, 114, 115, 117, 118, 119, 122, 123, 125, 126, 127, 129, 131, 132, 134, 135, 136, 137, 140, 141, 145, 146, 147, 148, 149, 152, 153, 154, 155, 156, 158, 159, 160, 161, 162, 163, 164, 165, 166, 169, 170, 171, 174, 175, 178, 179, 180, 181, 182, 183, 184, 185, 186, 187, 188, 189], "excluded_lines": [], "functions": {"main": {"executed_lines": [], "summary": {"covered_lines": 0, "num_statements": 102, "percent_covered": 0.0, "percent_covered_display": "0", "missing_lines": 102, "excluded_lines": 0}, "missing_lines": [25, 26, 28, 31, 32, 33, 34, 35, 36, 37, 38, 41, 53, 56, 57, 58, 60, 63, 65, 66, 67, 69, 70, 72, 73, 74, 75, 76, 78, 79, 81, 82, 83, 84, 85, 86, 87, 88, 89, 90, 91, 92, 93, 94, 95, 98, 100, 101, 102, 103, 104, 105, 106, 107, 108, 109, 110, 111, 113, 114, 115, 117, 118, 119, 122, 123, 125, 126, 127, 129, 131, 132, 134, 135, 136, 137, 140, 141, 145, 146, 147, 148, 149, 152, 153, 154, 155, 156, 158, 159, 160, 161, 162, 163, 164, 165, 166, 169, 170, 171, 174, 175], "excluded_lines": []}, "": {"executed_lines": [], "summary": {"covered_lines": 0, "num_statements": 21, "percent_covered": 0.0, "percent_covered_display": "0", "missing_lines": 21, "excluded_lines": 0}, "missing_lines": [9, 10, 11, 14, 15, 16, 18, 19, 21, 178, 179, 180, 181, 182, 183, 184, 185, 186, 187, 188, 189], "excluded_lines": []}}, "classes": {"": {"executed_lines": [], "summary": {"covered_lines": 0, "num_statements": 123, "percent_covered": 0.0, "percent_covered_display": "0", "missing_lines": 123, "excluded_lines": 0}, "missing_lines": [9, 10, 11, 14, 15, 16, 18, 19, 21, 25, 26, 28, 31, 32, 33, 34, 35, 36, 37, 38, 41, 53, 56, 57, 58, 60, 63, 65, 66, 67, 69, 70, 72, 73, 74, 75, 76, 78, 79, 81, 82, 83, 84, 85, 86, 87, 88, 89, 90, 91, 92, 93, 94, 95, 98, 100, 101, 102, 103, 104, 105, 106, 107, 108, 109, 110, 111, 113, 114, 115, 117, 118, 119, 122, 123, 125, 126, 127, 129, 131, 132, 134, 135, 136, 137, 140, 141, 145, 146, 147, 148, 149, 152, 153, 154, 155, 156, 158, 159, 160, 161, 162, 163, 164, 165, 166, 169, 170, 171, 174, 175, 178, 179, 180, 181, 182, 183, 184, 185, 186, 187, 188, 189], "excluded_lines": []}}}, "systems/ace_causal_inference/ace_causal_inference_service.py": {"executed_lines": [2, 10, 11, 12, 13, 14, 15, 16, 17, 18, 19, 20, 21, 22, 23, 24, 25, 26, 27, 30, 32, 33, 34, 35, 36, 37, 38, 39, 40, 41, 42, 43, 45, 46, 47, 48, 49, 50, 51, 52, 53, 54, 56, 57, 58, 59, 60, 61, 62, 63, 64, 65, 66, 68, 69, 71, 73, 74, 76, 78, 79, 82, 97, 111, 126, 127, 129, 131, 132, 133, 135, 152, 153, 154, 159, 161, 162, 163, 165, 171, 172, 174, 175, 186, 191, 193, 194, 195, 197, 203, 204, 206, 207, 208, 219, 224, 226, 227, 228, 230, 244, 245, 246, 251, 253, 254, 255, 257, 262, 263, 265, 266, 275, 280, 282, 283, 284, 286, 292, 297, 298, 300, 301, 302, 311, 316, 318, 319, 320, 322, 339, 340, 341, 346, 348, 349, 350, 352, 358, 359, 361, 362, 363, 373, 378, 379, 381, 383, 385, 387, 389, 393, 394, 396, 408, 409, 411, 414, 415, 418, 419, 422, 423, 424, 427, 430, 431, 433, 434, 436, 437, 439, 440, 441, 444, 445, 446, 448, 449, 450, 452, 455, 456, 458, 481, 484, 485, 489, 490, 492, 493, 494, 497, 498, 500, 501, 504, 507, 508, 509, 511, 525, 529, 530, 533, 536, 539, 540, 542, 543, 546, 549, 550, 551, 553, 567, 571, 572, 575, 578, 579, 581, 582, 585, 588, 589, 590, 592, 606, 609, 610, 611, 613, 623, 625, 626, 627, 628, 630, 632, 635, 636, 638, 639, 640, 643, 644, 657, 663, 664, 666, 668, 669, 670, 673, 675, 699, 700, 702, 703, 705, 707, 708, 710, 711, 714, 716, 725, 733, 734, 736, 737, 739, 740, 752, 756, 757, 759, 760, 761, 764, 781, 782, 784, 785, 787, 793, 802, 803, 805, 806, 807, 810, 825, 826, 828, 829, 830, 832, 833, 842, 846, 847, 849, 850, 851, 855, 856, 858, 859, 861, 862, 863, 874, 878], "summary": {"covered_lines": 309, "num_statements": 371, "percent_covered": 83.28840970350404, "percent_covered_display": "83", "missing_lines": 62, "excluded_lines": 0}, "missing_lines": [155, 156, 157, 187, 188, 189, 220, 221, 222, 247, 248, 249, 276, 277, 278, 287, 312, 313, 314, 342, 343, 344, 374, 375, 376, 467, 475, 476, 519, 520, 561, 562, 600, 601, 629, 631, 633, 659, 660, 661, 671, 730, 731, 741, 753, 754, 762, 778, 779, 799, 800, 808, 822, 823, 834, 843, 844, 852, 853, 875, 876, 879], "excluded_lines": [], "functions": {"CausalInferenceDatabase.__init__": {"executed_lines": [73, 74], "summary": {"covered_lines": 2, "num_statements": 2, "percent_covered": 100.0, "percent_covered_display": "100", "missing_lines": 0, "excluded_lines": 0}, "missing_lines": [], "excluded_lines": []}, "CausalInferenceDatabase.init_database": {"executed_lines": [78, 79, 82, 97, 111, 126, 127], "summary": {"covered_lines": 7, "num_statements": 7, "percent_covered": 100.0, "percent_covered_display": "100", "missing_lines": 0, "excluded_lines": 0}, "missing_lines": [], "excluded_lines": []}, "CausalInferenceDatabase.save_dataset": {"executed_lines": [131, 132, 133, 135, 152, 153, 154], "summary": {"covered_lines": 7, "num_statements": 10, "percent_covered": 70.0, "percent_covered_display": "70", "missing_lines": 3, "excluded_lines": 0}, "missing_lines": [155, 156, 157], "excluded_lines": []}, "CausalInferenceDatabase.get_dataset": {"executed_lines": [161, 162, 163, 165, 171, 172, 174, 175, 186], "summary": {"covered_lines": 9, "num_statements": 12, "percent_covered": 75.0, "percent_covered_display": "75", "missing_lines": 3, "excluded_lines": 0}, "missing_lines": [187, 188, 189], "excluded_lines": []}, "CausalInferenceDatabase.list_datasets": {"executed_lines": [193, 194, 195, 197, 203, 204, 206, 207, 208, 219], "summary": {"covered_lines": 10, "num_statements": 13, "percent_covered": 76.92307692307692, "percent_covered_display": "77", "missing_lines": 3, "excluded_lines": 0}, "missing_lines": [220, 221, 222], "excluded_lines": []}, "CausalInferenceDatabase.save_causal_model": {"executed_lines": [226, 227, 228, 230, 244, 245, 246], "summary": {"covered_lines": 7, "num_statements": 10, "percent_covered": 70.0, "percent_covered_display": "70", "missing_lines": 3, "excluded_lines": 0}, "missing_lines": [247, 248, 249], "excluded_lines": []}, "CausalInferenceDatabase.get_causal_model": {"executed_lines": [253, 254, 255, 257, 262, 263, 265, 266, 275], "summary": {"covered_lines": 9, "num_statements": 12, "percent_covered": 75.0, "percent_covered_display": "75", "missing_lines": 3, "excluded_lines": 0}, "missing_lines": [276, 277, 278], "excluded_lines": []}, "CausalInferenceDatabase.list_causal_models": {"executed_lines": [282, 283, 284, 286, 292, 297, 298, 300, 301, 302, 311], "summary": {"covered_lines": 11, "num_statements": 15, "percent_covered": 73.33333333333333, "percent_covered_display": "73", "missing_lines": 4, "excluded_lines": 0}, "missing_lines": [287, 312, 313, 314], "excluded_lines": []}, "CausalInferenceDatabase.save_treatment_effect": {"executed_lines": [318, 319, 320, 322, 339, 340, 341], "summary": {"covered_lines": 7, "num_statements": 10, "percent_covered": 70.0, "percent_covered_display": "70", "missing_lines": 3, "excluded_lines": 0}, "missing_lines": [342, 343, 344], "excluded_lines": []}, "CausalInferenceDatabase.get_treatment_effects": {"executed_lines": [348, 349, 350, 352, 358, 359, 361, 362, 363, 373], "summary": {"covered_lines": 10, "num_statements": 13, "percent_covered": 76.92307692307692, "percent_covered_display": "77", "missing_lines": 3, "excluded_lines": 0}, "missing_lines": [374, 375, 376], "excluded_lines": []}, "CausalInferenceService.__init__": {"executed_lines": [383], "summary": {"covered_lines": 1, "num_statements": 1, "percent_covered": 100.0, "percent_covered_display": "100", "missing_lines": 0, "excluded_lines": 0}, "missing_lines": [], "excluded_lines": []}, "CausalInferenceService.generate_id": {"executed_lines": [387], "summary": {"covered_lines": 1, "num_statements": 1, "percent_covered": 100.0, "percent_covered_display": "100", "missing_lines": 0, "excluded_lines": 0}, "missing_lines": [], "excluded_lines": []}, "CausalInferenceService.create_dataset": {"executed_lines": [393, 394, 396, 408, 409], "summary": {"covered_lines": 5, "num_statements": 5, "percent_covered": 100.0, "percent_covered_display": "100", "missing_lines": 0, "excluded_lines": 0}, "missing_lines": [], "excluded_lines": []}, "CausalInferenceService.propensity_score_matching": {"executed_lines": [414, 415, 418, 419, 422, 423, 424, 427, 430, 431, 433, 434, 436, 437, 439, 440, 441, 444, 445, 446, 448, 449, 450, 452, 455, 456, 458], "summary": {"covered_lines": 27, "num_statements": 30, "percent_covered": 90.0, "percent_covered_display": "90", "missing_lines": 3, "excluded_lines": 0}, "missing_lines": [467, 475, 476], "excluded_lines": []}, "CausalInferenceService.instrumental_variable": {"executed_lines": [484, 485, 489, 490, 492, 493, 494, 497, 498, 500, 501, 504, 507, 508, 509, 511], "summary": {"covered_lines": 16, "num_statements": 18, "percent_covered": 88.88888888888889, "percent_covered_display": "89", "missing_lines": 2, "excluded_lines": 0}, "missing_lines": [519, 520], "excluded_lines": []}, "CausalInferenceService.regression_discontinuity": {"executed_lines": [529, 530, 533, 536, 539, 540, 542, 543, 546, 549, 550, 551, 553], "summary": {"covered_lines": 13, "num_statements": 15, "percent_covered": 86.66666666666667, "percent_covered_display": "87", "missing_lines": 2, "excluded_lines": 0}, "missing_lines": [561, 562], "excluded_lines": []}, "CausalInferenceService.difference_in_differences": {"executed_lines": [571, 572, 575, 578, 579, 581, 582, 585, 588, 589, 590, 592], "summary": {"covered_lines": 12, "num_statements": 14, "percent_covered": 85.71428571428571, "percent_covered_display": "86", "missing_lines": 2, "excluded_lines": 0}, "missing_lines": [600, 601], "excluded_lines": []}, "CausalInferenceService.run_causal_analysis": {"executed_lines": [609, 610, 611, 613, 623, 625, 626, 627, 628, 630, 632, 635, 636, 638, 639, 640, 643, 644, 657, 663, 664], "summary": {"covered_lines": 21, "num_statements": 27, "percent_covered": 77.77777777777777, "percent_covered_display": "78", "missing_lines": 6, "excluded_lines": 0}, "missing_lines": [629, 631, 633, 659, 660, 661], "excluded_lines": []}, "CausalInferenceService.get_model_results": {"executed_lines": [668, 669, 670], "summary": {"covered_lines": 3, "num_statements": 4, "percent_covered": 75.0, "percent_covered_display": "75", "missing_lines": 1, "excluded_lines": 0}, "missing_lines": [671], "excluded_lines": []}, "CausalInferenceService.list_available_methods": {"executed_lines": [675], "summary": {"covered_lines": 1, "num_statements": 1, "percent_covered": 100.0, "percent_covered_display": "100", "missing_lines": 0, "excluded_lines": 0}, "missing_lines": [], "excluded_lines": []}, "health_check": {"executed_lines": [705], "summary": {"covered_lines": 1, "num_statements": 1, "percent_covered": 100.0, "percent_covered_display": "100", "missing_lines": 0, "excluded_lines": 0}, "missing_lines": [], "excluded_lines": []}, "create_dataset": {"executed_lines": [710, 711, 714, 716, 725], "summary": {"covered_lines": 5, "num_statements": 7, "percent_covered": 71.42857142857143, "percent_covered_display": "71", "missing_lines": 2, "excluded_lines": 0}, "missing_lines": [730, 731], "excluded_lines": []}, "list_datasets": {"executed_lines": [736, 737, 739, 740, 752], "summary": {"covered_lines": 5, "num_statements": 8, "percent_covered": 62.5, "percent_covered_display": "62", "missing_lines": 3, "excluded_lines": 0}, "missing_lines": [741, 753, 754], "excluded_lines": []}, "get_dataset": {"executed_lines": [759, 760, 761, 764], "summary": {"covered_lines": 4, "num_statements": 7, "percent_covered": 57.142857142857146, "percent_covered_display": "57", "missing_lines": 3, "excluded_lines": 0}, "missing_lines": [762, 778, 779], "excluded_lines": []}, "run_analysis": {"executed_lines": [784, 785, 787, 793], "summary": {"covered_lines": 4, "num_statements": 6, "percent_covered": 66.66666666666667, "percent_covered_display": "67", "missing_lines": 2, "excluded_lines": 0}, "missing_lines": [799, 800], "excluded_lines": []}, "get_model_results": {"executed_lines": [805, 806, 807, 810], "summary": {"covered_lines": 4, "num_statements": 7, "percent_covered": 57.142857142857146, "percent_covered_display": "57", "missing_lines": 3, "excluded_lines": 0}, "missing_lines": [808, 822, 823], "excluded_lines": []}, "list_models": {"executed_lines": [828, 829, 830, 832, 833, 842], "summary": {"covered_lines": 6, "num_statements": 9, "percent_covered": 66.66666666666667, "percent_covered_display": "67", "missing_lines": 3, "excluded_lines": 0}, "missing_lines": [834, 843, 844], "excluded_lines": []}, "list_methods": {"executed_lines": [849, 850, 851], "summary": {"covered_lines": 3, "num_statements": 5, "percent_covered": 60.0, "percent_covered_display": "60", "missing_lines": 2, "excluded_lines": 0}, "missing_lines": [852, 853], "excluded_lines": []}, "get_treatment_effects": {"executed_lines": [858, 859, 861, 862, 863, 874], "summary": {"covered_lines": 6, "num_statements": 8, "percent_covered": 75.0, "percent_covered_display": "75", "missing_lines": 2, "excluded_lines": 0}, "missing_lines": [875, 876], "excluded_lines": []}, "": {"executed_lines": [2, 10, 11, 12, 13, 14, 15, 16, 17, 18, 19, 20, 21, 22, 23, 24, 25, 26, 27, 30, 32, 33, 34, 35, 36, 37, 38, 39, 40, 41, 42, 43, 45, 46, 47, 48, 49, 50, 51, 52, 53, 54, 56, 57, 58, 59, 60, 61, 62, 63, 64, 65, 66, 68, 69, 71, 76, 129, 159, 191, 224, 251, 280, 316, 346, 378, 379, 381, 385, 389, 411, 481, 525, 567, 606, 666, 673, 699, 700, 702, 703, 707, 708, 733, 734, 756, 757, 781, 782, 802, 803, 825, 826, 846, 847, 855, 856, 878], "summary": {"covered_lines": 92, "num_statements": 93, "percent_covered": 98.9247311827957, "percent_covered_display": "99", "missing_lines": 1, "excluded_lines": 0}, "missing_lines": [879], "excluded_lines": []}}, "classes": {"Dataset": {"executed_lines": [], "summary": {"covered_lines": 0, "num_statements": 0, "percent_covered": 100.0, "percent_covered_display": "100", "missing_lines": 0, "excluded_lines": 0}, "missing_lines": [], "excluded_lines": []}, "CausalModel": {"executed_lines": [], "summary": {"covered_lines": 0, "num_statements": 0, "percent_covered": 100.0, "percent_covered_display": "100", "missing_lines": 0, "excluded_lines": 0}, "missing_lines": [], "excluded_lines": []}, "TreatmentEffect": {"executed_lines": [], "summary": {"covered_lines": 0, "num_statements": 0, "percent_covered": 100.0, "percent_covered_display": "100", "missing_lines": 0, "excluded_lines": 0}, "missing_lines": [], "excluded_lines": []}, "CausalInferenceDatabase": {"executed_lines": [73, 74, 78, 79, 82, 97, 111, 126, 127, 131, 132, 133, 135, 152, 153, 154, 161, 162, 163, 165, 171, 172, 174, 175, 186, 193, 194, 195, 197, 203, 204, 206, 207, 208, 219, 226, 227, 228, 230, 244, 245, 246, 253, 254, 255, 257, 262, 263, 265, 266, 275, 282, 283, 284, 286, 292, 297, 298, 300, 301, 302, 311, 318, 319, 320, 322, 339, 340, 341, 348, 349, 350, 352, 358, 359, 361, 362, 363, 373], "summary": {"covered_lines": 79, "num_statements": 104, "percent_covered": 75.96153846153847, "percent_covered_display": "76", "missing_lines": 25, "excluded_lines": 0}, "missing_lines": [155, 156, 157, 187, 188, 189, 220, 221, 222, 247, 248, 249, 276, 277, 278, 287, 312, 313, 314, 342, 343, 344, 374, 375, 376], "excluded_lines": []}, "CausalInferenceService": {"executed_lines": [383, 387, 393, 394, 396, 408, 409, 414, 415, 418, 419, 422, 423, 424, 427, 430, 431, 433, 434, 436, 437, 439, 440, 441, 444, 445, 446, 448, 449, 450, 452, 455, 456, 458, 484, 485, 489, 490, 492, 493, 494, 497, 498, 500, 501, 504, 507, 508, 509, 511, 529, 530, 533, 536, 539, 540, 542, 543, 546, 549, 550, 551, 553, 571, 572, 575, 578, 579, 581, 582, 585, 588, 589, 590, 592, 609, 610, 611, 613, 623, 625, 626, 627, 628, 630, 632, 635, 636, 638, 639, 640, 643, 644, 657, 663, 664, 668, 669, 670, 675], "summary": {"covered_lines": 100, "num_statements": 116, "percent_covered": 86.20689655172414, "percent_covered_display": "86", "missing_lines": 16, "excluded_lines": 0}, "missing_lines": [467, 475, 476, 519, 520, 561, 562, 600, 601, 629, 631, 633, 659, 660, 661, 671], "excluded_lines": []}, "": {"executed_lines": [2, 10, 11, 12, 13, 14, 15, 16, 17, 18, 19, 20, 21, 22, 23, 24, 25, 26, 27, 30, 32, 33, 34, 35, 36, 37, 38, 39, 40, 41, 42, 43, 45, 46, 47, 48, 49, 50, 51, 52, 53, 54, 56, 57, 58, 59, 60, 61, 62, 63, 64, 65, 66, 68, 69, 71, 76, 129, 159, 191, 224, 251, 280, 316, 346, 378, 379, 381, 385, 389, 411, 481, 525, 567, 606, 666, 673, 699, 700, 702, 703, 705, 707, 708, 710, 711, 714, 716, 725, 733, 734, 736, 737, 739, 740, 752, 756, 757, 759, 760, 761, 764, 781, 782, 784, 785, 787, 793, 802, 803, 805, 806, 807, 810, 825, 826, 828, 829, 830, 832, 833, 842, 846, 847, 849, 850, 851, 855, 856, 858, 859, 861, 862, 863, 874, 878], "summary": {"covered_lines": 130, "num_statements": 151, "percent_covered": 86.09271523178808, "percent_covered_display": "86", "missing_lines": 21, "excluded_lines": 0}, "missing_lines": [730, 731, 741, 753, 754, 762, 778, 779, 799, 800, 808, 822, 823, 834, 843, 844, 852, 853, 875, 876, 879], "excluded_lines": []}}}, "systems/ace_causal_inference/test_ace_causal_inference.py": {"executed_lines": [2, 6, 7, 8, 9, 10, 11, 12, 15, 17, 22, 23, 25, 27, 34, 46, 47, 48, 49, 50, 52, 53, 55, 57, 67, 68, 69, 71, 72, 74, 76, 87, 88, 89, 91, 92, 94, 96, 97, 98, 100, 102, 104, 106, 108, 110, 117, 130, 131, 134, 135, 136, 137, 139, 141, 152, 153, 156, 157, 158, 159, 161, 163, 175, 176, 179, 180, 181, 183, 186, 187, 193, 205, 208, 209, 210, 212, 215, 216, 226, 229, 230, 231, 233, 234, 236, 238, 239, 240, 242, 244, 246, 248, 250, 251, 252, 254, 255, 256, 258, 260, 267, 275, 276, 277, 280, 281, 283, 286, 287, 288, 295, 304, 306, 307, 308, 310, 313, 314, 315, 323, 332, 334, 335, 336, 338, 341, 342, 343, 351, 360, 364, 365, 366, 368, 371, 372, 373, 381, 390, 394, 395, 396, 398, 401, 408, 417, 423, 424, 425, 428, 429, 431, 434, 440, 448, 455, 456, 457, 459, 461, 463, 464, 466, 467, 468, 469, 470, 472, 473, 475, 477, 478, 481, 484, 485, 486, 489, 490, 492, 494, 496, 498, 499, 501, 502, 504, 506, 520, 521, 523, 524, 525, 527, 529, 530, 532, 533, 534, 536, 539, 551, 552, 555, 556, 558, 559, 560, 562, 565, 577, 578, 581, 587, 588, 590, 591, 592, 594, 597, 609, 610, 612, 618, 619, 622, 623, 625, 626, 627, 629, 631, 632, 634, 635, 636, 638, 640, 641, 643, 644, 645, 647, 648, 649, 651, 654, 666, 667, 669, 675, 676, 679, 680, 682, 683, 684, 686, 687, 689, 691, 692, 693, 695, 697, 699, 701, 702, 704, 706, 707, 709, 711, 712, 718, 721, 727, 736, 742, 743, 745, 746, 748, 750, 751, 752, 754, 756, 758, 760, 763, 764, 765, 772, 781, 782, 783, 785, 786, 788, 791, 792, 798, 807, 808, 811, 812, 815, 816, 817, 819], "summary": {"covered_lines": 302, "num_statements": 303, "percent_covered": 99.66996699669967, "percent_covered_display": "99", "missing_lines": 1, "excluded_lines": 0}, "missing_lines": [820], "excluded_lines": [], "functions": {"TestDataset.test_dataset_creation": {"executed_lines": [27, 34, 46, 47, 48, 49, 50], "summary": {"covered_lines": 7, "num_statements": 7, "percent_covered": 100.0, "percent_covered_display": "100", "missing_lines": 0, "excluded_lines": 0}, "missing_lines": [], "excluded_lines": []}, "TestCausalModel.test_causal_model_creation": {"executed_lines": [57, 67, 68, 69], "summary": {"covered_lines": 4, "num_statements": 4, "percent_covered": 100.0, "percent_covered_display": "100", "missing_lines": 0, "excluded_lines": 0}, "missing_lines": [], "excluded_lines": []}, "TestTreatmentEffect.test_treatment_effect_creation": {"executed_lines": [76, 87, 88, 89], "summary": {"covered_lines": 4, "num_statements": 4, "percent_covered": 100.0, "percent_covered_display": "100", "missing_lines": 0, "excluded_lines": 0}, "missing_lines": [], "excluded_lines": []}, "TestCausalInferenceDatabase.setUp": {"executed_lines": [96, 97, 98], "summary": {"covered_lines": 3, "num_statements": 3, "percent_covered": 100.0, "percent_covered_display": "100", "missing_lines": 0, "excluded_lines": 0}, "missing_lines": [], "excluded_lines": []}, "TestCausalInferenceDatabase.tearDown": {"executed_lines": [102], "summary": {"covered_lines": 1, "num_statements": 1, "percent_covered": 100.0, "percent_covered_display": "100", "missing_lines": 0, "excluded_lines": 0}, "missing_lines": [], "excluded_lines": []}, "TestCausalInferenceDatabase.test_database_initialization": {"executed_lines": [106], "summary": {"covered_lines": 1, "num_statements": 1, "percent_covered": 100.0, "percent_covered_display": "100", "missing_lines": 0, "excluded_lines": 0}, "missing_lines": [], "excluded_lines": []}, "TestCausalInferenceDatabase.test_save_and_get_dataset": {"executed_lines": [110, 117, 130, 131, 134, 135, 136, 137], "summary": {"covered_lines": 8, "num_statements": 8, "percent_covered": 100.0, "percent_covered_display": "100", "missing_lines": 0, "excluded_lines": 0}, "missing_lines": [], "excluded_lines": []}, "TestCausalInferenceDatabase.test_save_and_get_causal_model": {"executed_lines": [141, 152, 153, 156, 157, 158, 159], "summary": {"covered_lines": 7, "num_statements": 7, "percent_covered": 100.0, "percent_covered_display": "100", "missing_lines": 0, "excluded_lines": 0}, "missing_lines": [], "excluded_lines": []}, "TestCausalInferenceDatabase.test_save_and_get_treatment_effect": {"executed_lines": [163, 175, 176, 179, 180, 181], "summary": {"covered_lines": 6, "num_statements": 6, "percent_covered": 100.0, "percent_covered_display": "100", "missing_lines": 0, "excluded_lines": 0}, "missing_lines": [], "excluded_lines": []}, "TestCausalInferenceDatabase.test_list_datasets": {"executed_lines": [186, 187, 193, 205, 208, 209, 210], "summary": {"covered_lines": 7, "num_statements": 7, "percent_covered": 100.0, "percent_covered_display": "100", "missing_lines": 0, "excluded_lines": 0}, "missing_lines": [], "excluded_lines": []}, "TestCausalInferenceDatabase.test_list_causal_models": {"executed_lines": [215, 216, 226, 229, 230, 231], "summary": {"covered_lines": 6, "num_statements": 6, "percent_covered": 100.0, "percent_covered_display": "100", "missing_lines": 0, "excluded_lines": 0}, "missing_lines": [], "excluded_lines": []}, "TestCausalInferenceService.setUp": {"executed_lines": [238, 239, 240], "summary": {"covered_lines": 3, "num_statements": 3, "percent_covered": 100.0, "percent_covered_display": "100", "missing_lines": 0, "excluded_lines": 0}, "missing_lines": [], "excluded_lines": []}, "TestCausalInferenceService.tearDown": {"executed_lines": [244], "summary": {"covered_lines": 1, "num_statements": 1, "percent_covered": 100.0, "percent_covered_display": "100", "missing_lines": 0, "excluded_lines": 0}, "missing_lines": [], "excluded_lines": []}, "TestCausalInferenceService.test_generate_id": {"executed_lines": [248, 250, 251, 252, 254, 255, 256], "summary": {"covered_lines": 7, "num_statements": 7, "percent_covered": 100.0, "percent_covered_display": "100", "missing_lines": 0, "excluded_lines": 0}, "missing_lines": [], "excluded_lines": []}, "TestCausalInferenceService.test_create_dataset": {"executed_lines": [260, 267, 275, 276, 277, 280, 281], "summary": {"covered_lines": 7, "num_statements": 7, "percent_covered": 100.0, "percent_covered_display": "100", "missing_lines": 0, "excluded_lines": 0}, "missing_lines": [], "excluded_lines": []}, "TestCausalInferenceService.test_propensity_score_matching": {"executed_lines": [286, 287, 288, 295, 304, 306, 307, 308], "summary": {"covered_lines": 8, "num_statements": 8, "percent_covered": 100.0, "percent_covered_display": "100", "missing_lines": 0, "excluded_lines": 0}, "missing_lines": [], "excluded_lines": []}, "TestCausalInferenceService.test_instrumental_variable": {"executed_lines": [313, 314, 315, 323, 332, 334, 335, 336], "summary": {"covered_lines": 8, "num_statements": 8, "percent_covered": 100.0, "percent_covered_display": "100", "missing_lines": 0, "excluded_lines": 0}, "missing_lines": [], "excluded_lines": []}, "TestCausalInferenceService.test_regression_discontinuity": {"executed_lines": [341, 342, 343, 351, 360, 364, 365, 366], "summary": {"covered_lines": 8, "num_statements": 8, "percent_covered": 100.0, "percent_covered_display": "100", "missing_lines": 0, "excluded_lines": 0}, "missing_lines": [], "excluded_lines": []}, "TestCausalInferenceService.test_difference_in_differences": {"executed_lines": [371, 372, 373, 381, 390, 394, 395, 396], "summary": {"covered_lines": 8, "num_statements": 8, "percent_covered": 100.0, "percent_covered_display": "100", "missing_lines": 0, "excluded_lines": 0}, "missing_lines": [], "excluded_lines": []}, "TestCausalInferenceService.test_run_causal_analysis": {"executed_lines": [401, 408, 417, 423, 424, 425, 428, 429], "summary": {"covered_lines": 8, "num_statements": 8, "percent_covered": 100.0, "percent_covered_display": "100", "missing_lines": 0, "excluded_lines": 0}, "missing_lines": [], "excluded_lines": []}, "TestCausalInferenceService.test_get_model_results": {"executed_lines": [434, 440, 448, 455, 456, 457], "summary": {"covered_lines": 6, "num_statements": 6, "percent_covered": 100.0, "percent_covered_display": "100", "missing_lines": 0, "excluded_lines": 0}, "missing_lines": [], "excluded_lines": []}, "TestCausalInferenceService.test_list_available_methods": {"executed_lines": [461, 463, 464, 466, 467, 468, 469, 470], "summary": {"covered_lines": 8, "num_statements": 8, "percent_covered": 100.0, "percent_covered_display": "100", "missing_lines": 0, "excluded_lines": 0}, "missing_lines": [], "excluded_lines": []}, "TestFlaskApp.setUp": {"executed_lines": [477, 478, 481, 484, 485, 486, 489, 490], "summary": {"covered_lines": 8, "num_statements": 8, "percent_covered": 100.0, "percent_covered_display": "100", "missing_lines": 0, "excluded_lines": 0}, "missing_lines": [], "excluded_lines": []}, "TestFlaskApp.tearDown": {"executed_lines": [494], "summary": {"covered_lines": 1, "num_statements": 1, "percent_covered": 100.0, "percent_covered_display": "100", "missing_lines": 0, "excluded_lines": 0}, "missing_lines": [], "excluded_lines": []}, "TestFlaskApp.test_health_check_api": {"executed_lines": [498, 499, 501, 502], "summary": {"covered_lines": 4, "num_statements": 4, "percent_covered": 100.0, "percent_covered_display": "100", "missing_lines": 0, "excluded_lines": 0}, "missing_lines": [], "excluded_lines": []}, "TestFlaskApp.test_create_dataset_api": {"executed_lines": [506, 520, 521, 523, 524, 525], "summary": {"covered_lines": 6, "num_statements": 6, "percent_covered": 100.0, "percent_covered_display": "100", "missing_lines": 0, "excluded_lines": 0}, "missing_lines": [], "excluded_lines": []}, "TestFlaskApp.test_list_datasets_api": {"executed_lines": [529, 530, 532, 533, 534], "summary": {"covered_lines": 5, "num_statements": 5, "percent_covered": 100.0, "percent_covered_display": "100", "missing_lines": 0, "excluded_lines": 0}, "missing_lines": [], "excluded_lines": []}, "TestFlaskApp.test_get_dataset_api": {"executed_lines": [539, 551, 552, 555, 556, 558, 559, 560], "summary": {"covered_lines": 8, "num_statements": 8, "percent_covered": 100.0, "percent_covered_display": "100", "missing_lines": 0, "excluded_lines": 0}, "missing_lines": [], "excluded_lines": []}, "TestFlaskApp.test_run_analysis_api": {"executed_lines": [565, 577, 578, 581, 587, 588, 590, 591, 592], "summary": {"covered_lines": 9, "num_statements": 9, "percent_covered": 100.0, "percent_covered_display": "100", "missing_lines": 0, "excluded_lines": 0}, "missing_lines": [], "excluded_lines": []}, "TestFlaskApp.test_get_model_results_api": {"executed_lines": [597, 609, 610, 612, 618, 619, 622, 623, 625, 626, 627], "summary": {"covered_lines": 11, "num_statements": 11, "percent_covered": 100.0, "percent_covered_display": "100", "missing_lines": 0, "excluded_lines": 0}, "missing_lines": [], "excluded_lines": []}, "TestFlaskApp.test_list_models_api": {"executed_lines": [631, 632, 634, 635, 636], "summary": {"covered_lines": 5, "num_statements": 5, "percent_covered": 100.0, "percent_covered_display": "100", "missing_lines": 0, "excluded_lines": 0}, "missing_lines": [], "excluded_lines": []}, "TestFlaskApp.test_list_methods_api": {"executed_lines": [640, 641, 643, 644, 645, 647, 648, 649], "summary": {"covered_lines": 8, "num_statements": 8, "percent_covered": 100.0, "percent_covered_display": "100", "missing_lines": 0, "excluded_lines": 0}, "missing_lines": [], "excluded_lines": []}, "TestFlaskApp.test_get_treatment_effects_api": {"executed_lines": [654, 666, 667, 669, 675, 676, 679, 680, 682, 683, 684], "summary": {"covered_lines": 11, "num_statements": 11, "percent_covered": 100.0, "percent_covered_display": "100", "missing_lines": 0, "excluded_lines": 0}, "missing_lines": [], "excluded_lines": []}, "TestEdgeCases.setUp": {"executed_lines": [691, 692, 693], "summary": {"covered_lines": 3, "num_statements": 3, "percent_covered": 100.0, "percent_covered_display": "100", "missing_lines": 0, "excluded_lines": 0}, "missing_lines": [], "excluded_lines": []}, "TestEdgeCases.tearDown": {"executed_lines": [697], "summary": {"covered_lines": 1, "num_statements": 1, "percent_covered": 100.0, "percent_covered_display": "100", "missing_lines": 0, "excluded_lines": 0}, "missing_lines": [], "excluded_lines": []}, "TestEdgeCases.test_get_nonexistent_dataset": {"executed_lines": [701, 702], "summary": {"covered_lines": 2, "num_statements": 2, "percent_covered": 100.0, "percent_covered_display": "100", "missing_lines": 0, "excluded_lines": 0}, "missing_lines": [], "excluded_lines": []}, "TestEdgeCases.test_get_nonexistent_model": {"executed_lines": [706, 707], "summary": {"covered_lines": 2, "num_statements": 2, "percent_covered": 100.0, "percent_covered_display": "100", "missing_lines": 0, "excluded_lines": 0}, "missing_lines": [], "excluded_lines": []}, "TestEdgeCases.test_run_analysis_nonexistent_dataset": {"executed_lines": [711, 712], "summary": {"covered_lines": 2, "num_statements": 2, "percent_covered": 100.0, "percent_covered_display": "100", "missing_lines": 0, "excluded_lines": 0}, "missing_lines": [], "excluded_lines": []}, "TestEdgeCases.test_invalid_method": {"executed_lines": [721, 727, 736, 742, 743], "summary": {"covered_lines": 5, "num_statements": 5, "percent_covered": 100.0, "percent_covered_display": "100", "missing_lines": 0, "excluded_lines": 0}, "missing_lines": [], "excluded_lines": []}, "TestPerformance.setUp": {"executed_lines": [750, 751, 752], "summary": {"covered_lines": 3, "num_statements": 3, "percent_covered": 100.0, "percent_covered_display": "100", "missing_lines": 0, "excluded_lines": 0}, "missing_lines": [], "excluded_lines": []}, "TestPerformance.tearDown": {"executed_lines": [756], "summary": {"covered_lines": 1, "num_statements": 1, "percent_covered": 100.0, "percent_covered_display": "100", "missing_lines": 0, "excluded_lines": 0}, "missing_lines": [], "excluded_lines": []}, "TestPerformance.test_large_dataset_performance": {"executed_lines": [760, 763, 764, 765, 772, 781, 782, 783, 785, 786], "summary": {"covered_lines": 10, "num_statements": 10, "percent_covered": 100.0, "percent_covered_display": "100", "missing_lines": 0, "excluded_lines": 0}, "missing_lines": [], "excluded_lines": []}, "TestPerformance.test_memory_usage": {"executed_lines": [791, 792, 798, 807, 808, 811, 812, 815, 816, 817], "summary": {"covered_lines": 10, "num_statements": 10, "percent_covered": 100.0, "percent_covered_display": "100", "missing_lines": 0, "excluded_lines": 0}, "missing_lines": [], "excluded_lines": []}, "": {"executed_lines": [2, 6, 7, 8, 9, 10, 11, 12, 15, 17, 22, 23, 25, 52, 53, 55, 71, 72, 74, 91, 92, 94, 100, 104, 108, 139, 161, 183, 212, 233, 234, 236, 242, 246, 258, 283, 310, 338, 368, 398, 431, 459, 472, 473, 475, 492, 496, 504, 527, 536, 562, 594, 629, 638, 651, 686, 687, 689, 695, 699, 704, 709, 718, 745, 746, 748, 754, 758, 788, 819], "summary": {"covered_lines": 61, "num_statements": 62, "percent_covered": 98.38709677419355, "percent_covered_display": "98", "missing_lines": 1, "excluded_lines": 0}, "missing_lines": [820], "excluded_lines": []}}, "classes": {"TestDataset": {"executed_lines": [27, 34, 46, 47, 48, 49, 50], "summary": {"covered_lines": 7, "num_statements": 7, "percent_covered": 100.0, "percent_covered_display": "100", "missing_lines": 0, "excluded_lines": 0}, "missing_lines": [], "excluded_lines": []}, "TestCausalModel": {"executed_lines": [57, 67, 68, 69], "summary": {"covered_lines": 4, "num_statements": 4, "percent_covered": 100.0, "percent_covered_display": "100", "missing_lines": 0, "excluded_lines": 0}, "missing_lines": [], "excluded_lines": []}, "TestTreatmentEffect": {"executed_lines": [76, 87, 88, 89], "summary": {"covered_lines": 4, "num_statements": 4, "percent_covered": 100.0, "percent_covered_display": "100", "missing_lines": 0, "excluded_lines": 0}, "missing_lines": [], "excluded_lines": []}, "TestCausalInferenceDatabase": {"executed_lines": [96, 97, 98, 102, 106, 110, 117, 130, 131, 134, 135, 136, 137, 141, 152, 153, 156, 157, 158, 159, 163, 175, 176, 179, 180, 181, 186, 187, 193, 205, 208, 209, 210, 215, 216, 226, 229, 230, 231], "summary": {"covered_lines": 39, "num_statements": 39, "percent_covered": 100.0, "percent_covered_display": "100", "missing_lines": 0, "excluded_lines": 0}, "missing_lines": [], "excluded_lines": []}, "TestCausalInferenceService": {"executed_lines": [238, 239, 240, 244, 248, 250, 251, 252, 254, 255, 256, 260, 267, 275, 276, 277, 280, 281, 286, 287, 288, 295, 304, 306, 307, 308, 313, 314, 315, 323, 332, 334, 335, 336, 341, 342, 343, 351, 360, 364, 365, 366, 371, 372, 373, 381, 390, 394, 395, 396, 401, 408, 417, 423, 424, 425, 428, 429, 434, 440, 448, 455, 456, 457, 461, 463, 464, 466, 467, 468, 469, 470], "summary": {"covered_lines": 72, "num_statements": 72, "percent_covered": 100.0, "percent_covered_display": "100", "missing_lines": 0, "excluded_lines": 0}, "missing_lines": [], "excluded_lines": []}, "TestFlaskApp": {"executed_lines": [477, 478, 481, 484, 485, 486, 489, 490, 494, 498, 499, 501, 502, 506, 520, 521, 523, 524, 525, 529, 530, 532, 533, 534, 539, 551, 552, 555, 556, 558, 559, 560, 565, 577, 578, 581, 587, 588, 590, 591, 592, 597, 609, 610, 612, 618, 619, 622, 623, 625, 626, 627, 631, 632, 634, 635, 636, 640, 641, 643, 644, 645, 647, 648, 649, 654, 666, 667, 669, 675, 676, 679, 680, 682, 683, 684], "summary": {"covered_lines": 76, "num_statements": 76, "percent_covered": 100.0, "percent_covered_display": "100", "missing_lines": 0, "excluded_lines": 0}, "missing_lines": [], "excluded_lines": []}, "TestEdgeCases": {"executed_lines": [691, 692, 693, 697, 701, 702, 706, 707, 711, 712, 721, 727, 736, 742, 743], "summary": {"covered_lines": 15, "num_statements": 15, "percent_covered": 100.0, "percent_covered_display": "100", "missing_lines": 0, "excluded_lines": 0}, "missing_lines": [], "excluded_lines": []}, "TestPerformance": {"executed_lines": [750, 751, 752, 756, 760, 763, 764, 765, 772, 781, 782, 783, 785, 786, 791, 792, 798, 807, 808, 811, 812, 815, 816, 817], "summary": {"covered_lines": 24, "num_statements": 24, "percent_covered": 100.0, "percent_covered_display": "100", "missing_lines": 0, "excluded_lines": 0}, "missing_lines": [], "excluded_lines": []}, "": {"executed_lines": [2, 6, 7, 8, 9, 10, 11, 12, 15, 17, 22, 23, 25, 52, 53, 55, 71, 72, 74, 91, 92, 94, 100, 104, 108, 139, 161, 183, 212, 233, 234, 236, 242, 246, 258, 283, 310, 338, 368, 398, 431, 459, 472, 473, 475, 492, 496, 504, 527, 536, 562, 594, 629, 638, 651, 686, 687, 689, 695, 699, 704, 709, 718, 745, 746, 748, 754, 758, 788, 819], "summary": {"covered_lines": 61, "num_statements": 62, "percent_covered": 98.38709677419355, "percent_covered_display": "98", "missing_lines": 1, "excluded_lines": 0}, "missing_lines": [820], "excluded_lines": []}}}, "systems/adtech_platform/adtech_service.py": {"executed_lines": [2, 10, 11, 12, 13, 14, 15, 16, 17, 18, 19, 20, 21, 24, 25, 27, 28, 29, 30, 31, 32, 33, 35, 36, 37, 38, 39, 40, 41, 42, 44, 45, 46, 47, 48, 49, 50, 51, 53, 54, 55, 56, 57, 58, 59, 60, 62, 63, 64, 65, 66, 67, 68, 70, 71, 72, 73, 74, 75, 76, 77, 78, 79, 80, 81, 82, 83, 84, 85, 87, 88, 89, 90, 91, 92, 93, 94, 95, 96, 97, 98, 99, 100, 101, 102, 103, 105, 106, 107, 108, 109, 110, 111, 112, 113, 114, 115, 117, 118, 119, 120, 121, 122, 123, 124, 125, 126, 127, 128, 129, 130, 131, 132, 134, 135, 136, 137, 138, 139, 140, 141, 143, 144, 145, 146, 147, 148, 149, 150, 151, 152, 154, 155, 156, 157, 158, 159, 160, 161, 162, 163, 165, 166, 167, 168, 169, 170, 171, 172, 173, 174, 176, 177, 178, 179, 180, 181, 182, 183, 184, 185, 187, 188, 189, 190, 191, 192, 193, 194, 195, 197, 198, 200, 201, 202, 204, 206, 207, 210, 229, 250, 265, 285, 297, 311, 326, 340, 355, 368, 369, 371, 373, 374, 375, 377, 390, 391, 392, 397, 399, 400, 401, 403, 404, 406, 407, 422, 423, 424, 425, 430, 432, 433, 434, 436, 450, 451, 452, 457, 459, 460, 461, 463, 464, 466, 467, 483, 484, 485, 486, 491, 493, 494, 495, 497, 503, 504, 505, 521, 523, 524, 529, 531, 532, 533, 535, 546, 547, 548, 553, 555, 556, 557, 559, 565, 566, 567, 577, 579, 580, 585, 587, 588, 589, 591, 602, 603, 604, 609, 611, 612, 613, 615, 621, 622, 623, 638, 640, 641, 646, 648, 649, 650, 652, 663, 664, 665, 670, 672, 673, 674, 676, 686, 687, 688, 693, 695, 696, 697, 699, 709, 710, 711, 716, 718, 719, 720, 722, 731, 732, 733, 738, 740, 741, 742, 744, 753, 754, 755, 760, 761, 763, 764, 765, 767, 770, 779, 782, 794, 797, 805, 808, 820, 822, 824, 826, 829, 831, 841, 842, 845, 847, 849, 854, 855, 856, 858, 860, 874, 875, 878, 880, 882, 884, 886, 890, 891, 892, 894, 896, 904, 905, 908, 910, 912, 928, 934, 936, 949, 950, 953, 955, 957, 960, 962, 971, 975, 976, 977, 980, 983, 985, 986, 994, 995, 998, 1001, 1003, 1012, 1013, 1016, 1019, 1021, 1030, 1031, 1034, 1037, 1039, 1047, 1048, 1051, 1056, 1070, 1073, 1075, 1076, 1077, 1078, 1079, 1081, 1089, 1103, 1106, 1108, 1110, 1111, 1399, 1400, 1402, 1404, 1405, 1406, 1407, 1409, 1410, 1419, 1420, 1426, 1427, 1429, 1431, 1432, 1433, 1436, 1437, 1438, 1440, 1451, 1452, 1455, 1456, 1460, 1461, 1463, 1465, 1466, 1467, 1468, 1470, 1471, 1479, 1480, 1492, 1493, 1495, 1496, 1497, 1501, 1502, 1504, 1505, 1506, 1510, 1511, 1513, 1515], "summary": {"covered_lines": 448, "num_statements": 525, "percent_covered": 85.33333333333333, "percent_covered_display": "85", "missing_lines": 77, "excluded_lines": 0}, "missing_lines": [393, 394, 395, 426, 427, 428, 453, 454, 455, 487, 488, 489, 525, 526, 527, 549, 550, 551, 581, 582, 583, 605, 606, 607, 642, 643, 644, 666, 667, 668, 689, 690, 691, 712, 713, 714, 734, 735, 736, 756, 757, 758, 843, 876, 906, 916, 917, 920, 926, 951, 972, 996, 1014, 1032, 1049, 1082, 1083, 1084, 1085, 1086, 1087, 1113, 1422, 1423, 1424, 1434, 1454, 1457, 1458, 1488, 1489, 1490, 1498, 1499, 1507, 1508, 1516], "excluded_lines": [], "functions": {"AdTechDatabase.__init__": {"executed_lines": [201, 202], "summary": {"covered_lines": 2, "num_statements": 2, "percent_covered": 100.0, "percent_covered_display": "100", "missing_lines": 0, "excluded_lines": 0}, "missing_lines": [], "excluded_lines": []}, "AdTechDatabase.init_database": {"executed_lines": [206, 207, 210, 229, 250, 265, 285, 297, 311, 326, 340, 355, 368, 369], "summary": {"covered_lines": 14, "num_statements": 14, "percent_covered": 100.0, "percent_covered_display": "100", "missing_lines": 0, "excluded_lines": 0}, "missing_lines": [], "excluded_lines": []}, "AdTechDatabase.save_advertiser": {"executed_lines": [373, 374, 375, 377, 390, 391, 392], "summary": {"covered_lines": 7, "num_statements": 10, "percent_covered": 70.0, "percent_covered_display": "70", "missing_lines": 3, "excluded_lines": 0}, "missing_lines": [393, 394, 395], "excluded_lines": []}, "AdTechDatabase.get_advertiser": {"executed_lines": [399, 400, 401, 403, 404, 406, 407, 422, 423, 424, 425], "summary": {"covered_lines": 11, "num_statements": 14, "percent_covered": 78.57142857142857, "percent_covered_display": "79", "missing_lines": 3, "excluded_lines": 0}, "missing_lines": [426, 427, 428], "excluded_lines": []}, "AdTechDatabase.save_campaign": {"executed_lines": [432, 433, 434, 436, 450, 451, 452], "summary": {"covered_lines": 7, "num_statements": 10, "percent_covered": 70.0, "percent_covered_display": "70", "missing_lines": 3, "excluded_lines": 0}, "missing_lines": [453, 454, 455], "excluded_lines": []}, "AdTechDatabase.get_campaign": {"executed_lines": [459, 460, 461, 463, 464, 466, 467, 483, 484, 485, 486], "summary": {"covered_lines": 11, "num_statements": 14, "percent_covered": 78.57142857142857, "percent_covered_display": "79", "missing_lines": 3, "excluded_lines": 0}, "missing_lines": [487, 488, 489], "excluded_lines": []}, "AdTechDatabase.get_campaigns_by_advertiser": {"executed_lines": [493, 494, 495, 497, 503, 504, 505, 521, 523, 524], "summary": {"covered_lines": 10, "num_statements": 13, "percent_covered": 76.92307692307692, "percent_covered_display": "77", "missing_lines": 3, "excluded_lines": 0}, "missing_lines": [525, 526, 527], "excluded_lines": []}, "AdTechDatabase.save_ad_group": {"executed_lines": [531, 532, 533, 535, 546, 547, 548], "summary": {"covered_lines": 7, "num_statements": 10, "percent_covered": 70.0, "percent_covered_display": "70", "missing_lines": 3, "excluded_lines": 0}, "missing_lines": [549, 550, 551], "excluded_lines": []}, "AdTechDatabase.get_ad_groups_by_campaign": {"executed_lines": [555, 556, 557, 559, 565, 566, 567, 577, 579, 580], "summary": {"covered_lines": 10, "num_statements": 13, "percent_covered": 76.92307692307692, "percent_covered_display": "77", "missing_lines": 3, "excluded_lines": 0}, "missing_lines": [581, 582, 583], "excluded_lines": []}, "AdTechDatabase.save_ad": {"executed_lines": [587, 588, 589, 591, 602, 603, 604], "summary": {"covered_lines": 7, "num_statements": 10, "percent_covered": 70.0, "percent_covered_display": "70", "missing_lines": 3, "excluded_lines": 0}, "missing_lines": [605, 606, 607], "excluded_lines": []}, "AdTechDatabase.get_ads_by_ad_group": {"executed_lines": [611, 612, 613, 615, 621, 622, 623, 638, 640, 641], "summary": {"covered_lines": 10, "num_statements": 13, "percent_covered": 76.92307692307692, "percent_covered_display": "77", "missing_lines": 3, "excluded_lines": 0}, "missing_lines": [642, 643, 644], "excluded_lines": []}, "AdTechDatabase.save_bid_request": {"executed_lines": [648, 649, 650, 652, 663, 664, 665], "summary": {"covered_lines": 7, "num_statements": 10, "percent_covered": 70.0, "percent_covered_display": "70", "missing_lines": 3, "excluded_lines": 0}, "missing_lines": [666, 667, 668], "excluded_lines": []}, "AdTechDatabase.save_bid_response": {"executed_lines": [672, 673, 674, 676, 686, 687, 688], "summary": {"covered_lines": 7, "num_statements": 10, "percent_covered": 70.0, "percent_covered_display": "70", "missing_lines": 3, "excluded_lines": 0}, "missing_lines": [689, 690, 691], "excluded_lines": []}, "AdTechDatabase.save_impression": {"executed_lines": [695, 696, 697, 699, 709, 710, 711], "summary": {"covered_lines": 7, "num_statements": 10, "percent_covered": 70.0, "percent_covered_display": "70", "missing_lines": 3, "excluded_lines": 0}, "missing_lines": [712, 713, 714], "excluded_lines": []}, "AdTechDatabase.save_click": {"executed_lines": [718, 719, 720, 722, 731, 732, 733], "summary": {"covered_lines": 7, "num_statements": 10, "percent_covered": 70.0, "percent_covered_display": "70", "missing_lines": 3, "excluded_lines": 0}, "missing_lines": [734, 735, 736], "excluded_lines": []}, "AdTechDatabase.save_conversion": {"executed_lines": [740, 741, 742, 744, 753, 754, 755], "summary": {"covered_lines": 7, "num_statements": 10, "percent_covered": 70.0, "percent_covered_display": "70", "missing_lines": 3, "excluded_lines": 0}, "missing_lines": [756, 757, 758], "excluded_lines": []}, "AdTechService.__init__": {"executed_lines": [764, 765], "summary": {"covered_lines": 2, "num_statements": 2, "percent_covered": 100.0, "percent_covered_display": "100", "missing_lines": 0, "excluded_lines": 0}, "missing_lines": [], "excluded_lines": []}, "AdTechService.initialize_default_data": {"executed_lines": [770, 779, 782, 794, 797, 805, 808, 820], "summary": {"covered_lines": 8, "num_statements": 8, "percent_covered": 100.0, "percent_covered_display": "100", "missing_lines": 0, "excluded_lines": 0}, "missing_lines": [], "excluded_lines": []}, "AdTechService.generate_id": {"executed_lines": [824], "summary": {"covered_lines": 1, "num_statements": 1, "percent_covered": 100.0, "percent_covered_display": "100", "missing_lines": 0, "excluded_lines": 0}, "missing_lines": [], "excluded_lines": []}, "AdTechService.create_advertiser": {"executed_lines": [829, 831, 841, 842], "summary": {"covered_lines": 4, "num_statements": 5, "percent_covered": 80.0, "percent_covered_display": "80", "missing_lines": 1, "excluded_lines": 0}, "missing_lines": [843], "excluded_lines": []}, "AdTechService.get_advertiser": {"executed_lines": [847], "summary": {"covered_lines": 1, "num_statements": 1, "percent_covered": 100.0, "percent_covered_display": "100", "missing_lines": 0, "excluded_lines": 0}, "missing_lines": [], "excluded_lines": []}, "AdTechService.create_campaign": {"executed_lines": [854, 855, 856, 858, 860, 874, 875], "summary": {"covered_lines": 7, "num_statements": 8, "percent_covered": 87.5, "percent_covered_display": "88", "missing_lines": 1, "excluded_lines": 0}, "missing_lines": [876], "excluded_lines": []}, "AdTechService.get_campaign": {"executed_lines": [880], "summary": {"covered_lines": 1, "num_statements": 1, "percent_covered": 100.0, "percent_covered_display": "100", "missing_lines": 0, "excluded_lines": 0}, "missing_lines": [], "excluded_lines": []}, "AdTechService.get_campaigns_by_advertiser": {"executed_lines": [884], "summary": {"covered_lines": 1, "num_statements": 1, "percent_covered": 100.0, "percent_covered_display": "100", "missing_lines": 0, "excluded_lines": 0}, "missing_lines": [], "excluded_lines": []}, "AdTechService.create_ad_group": {"executed_lines": [890, 891, 892, 894, 896, 904, 905], "summary": {"covered_lines": 7, "num_statements": 8, "percent_covered": 87.5, "percent_covered_display": "88", "missing_lines": 1, "excluded_lines": 0}, "missing_lines": [906], "excluded_lines": []}, "AdTechService.get_ad_groups_by_campaign": {"executed_lines": [910], "summary": {"covered_lines": 1, "num_statements": 1, "percent_covered": 100.0, "percent_covered_display": "100", "missing_lines": 0, "excluded_lines": 0}, "missing_lines": [], "excluded_lines": []}, "AdTechService.get_ad_group": {"executed_lines": [], "summary": {"covered_lines": 0, "num_statements": 4, "percent_covered": 0.0, "percent_covered_display": "0", "missing_lines": 4, "excluded_lines": 0}, "missing_lines": [916, 917, 920, 926], "excluded_lines": []}, "AdTechService.create_ad": {"executed_lines": [934, 936, 949, 950], "summary": {"covered_lines": 4, "num_statements": 5, "percent_covered": 80.0, "percent_covered_display": "80", "missing_lines": 1, "excluded_lines": 0}, "missing_lines": [951], "excluded_lines": []}, "AdTechService.get_ads_by_ad_group": {"executed_lines": [955], "summary": {"covered_lines": 1, "num_statements": 1, "percent_covered": 100.0, "percent_covered_display": "100", "missing_lines": 0, "excluded_lines": 0}, "missing_lines": [], "excluded_lines": []}, "AdTechService.process_bid_request": {"executed_lines": [960, 962, 971, 975, 976, 977, 980, 983, 985, 986, 994, 995], "summary": {"covered_lines": 12, "num_statements": 14, "percent_covered": 85.71428571428571, "percent_covered_display": "86", "missing_lines": 2, "excluded_lines": 0}, "missing_lines": [972, 996], "excluded_lines": []}, "AdTechService.record_impression": {"executed_lines": [1001, 1003, 1012, 1013], "summary": {"covered_lines": 4, "num_statements": 5, "percent_covered": 80.0, "percent_covered_display": "80", "missing_lines": 1, "excluded_lines": 0}, "missing_lines": [1014], "excluded_lines": []}, "AdTechService.record_click": {"executed_lines": [1019, 1021, 1030, 1031], "summary": {"covered_lines": 4, "num_statements": 5, "percent_covered": 80.0, "percent_covered_display": "80", "missing_lines": 1, "excluded_lines": 0}, "missing_lines": [1032], "excluded_lines": []}, "AdTechService.record_conversion": {"executed_lines": [1037, 1039, 1047, 1048], "summary": {"covered_lines": 4, "num_statements": 5, "percent_covered": 80.0, "percent_covered_display": "80", "missing_lines": 1, "excluded_lines": 0}, "missing_lines": [1049], "excluded_lines": []}, "AdTechService.get_campaign_analytics": {"executed_lines": [1056], "summary": {"covered_lines": 1, "num_statements": 1, "percent_covered": 100.0, "percent_covered_display": "100", "missing_lines": 0, "excluded_lines": 0}, "missing_lines": [], "excluded_lines": []}, "AdTechService.get_advertiser_analytics": {"executed_lines": [1073, 1075, 1076, 1077, 1078, 1079, 1081, 1089], "summary": {"covered_lines": 8, "num_statements": 14, "percent_covered": 57.142857142857146, "percent_covered_display": "57", "missing_lines": 6, "excluded_lines": 0}, "missing_lines": [1082, 1083, 1084, 1085, 1086, 1087], "excluded_lines": []}, "index": {"executed_lines": [], "summary": {"covered_lines": 0, "num_statements": 1, "percent_covered": 0.0, "percent_covered_display": "0", "missing_lines": 1, "excluded_lines": 0}, "missing_lines": [1113], "excluded_lines": []}, "create_advertiser": {"executed_lines": [1402, 1404, 1405, 1406, 1407, 1409, 1410, 1419, 1420], "summary": {"covered_lines": 9, "num_statements": 12, "percent_covered": 75.0, "percent_covered_display": "75", "missing_lines": 3, "excluded_lines": 0}, "missing_lines": [1422, 1423, 1424], "excluded_lines": []}, "create_campaign": {"executed_lines": [1429, 1431, 1432, 1433, 1436, 1437, 1438, 1440, 1451, 1452, 1455, 1456], "summary": {"covered_lines": 12, "num_statements": 16, "percent_covered": 75.0, "percent_covered_display": "75", "missing_lines": 4, "excluded_lines": 0}, "missing_lines": [1434, 1454, 1457, 1458], "excluded_lines": []}, "process_bid_request": {"executed_lines": [1463, 1465, 1466, 1467, 1468, 1470, 1471, 1479, 1480], "summary": {"covered_lines": 9, "num_statements": 12, "percent_covered": 75.0, "percent_covered_display": "75", "missing_lines": 3, "excluded_lines": 0}, "missing_lines": [1488, 1489, 1490], "excluded_lines": []}, "get_campaign_analytics": {"executed_lines": [1495, 1496, 1497], "summary": {"covered_lines": 3, "num_statements": 5, "percent_covered": 60.0, "percent_covered_display": "60", "missing_lines": 2, "excluded_lines": 0}, "missing_lines": [1498, 1499], "excluded_lines": []}, "get_advertiser_analytics": {"executed_lines": [1504, 1505, 1506], "summary": {"covered_lines": 3, "num_statements": 5, "percent_covered": 60.0, "percent_covered_display": "60", "missing_lines": 2, "excluded_lines": 0}, "missing_lines": [1507, 1508], "excluded_lines": []}, "health_check": {"executed_lines": [1513], "summary": {"covered_lines": 1, "num_statements": 1, "percent_covered": 100.0, "percent_covered_display": "100", "missing_lines": 0, "excluded_lines": 0}, "missing_lines": [], "excluded_lines": []}, "": {"executed_lines": [2, 10, 11, 12, 13, 14, 15, 16, 17, 18, 19, 20, 21, 24, 25, 27, 28, 29, 30, 31, 32, 33, 35, 36, 37, 38, 39, 40, 41, 42, 44, 45, 46, 47, 48, 49, 50, 51, 53, 54, 55, 56, 57, 58, 59, 60, 62, 63, 64, 65, 66, 67, 68, 70, 71, 72, 73, 74, 75, 76, 77, 78, 79, 80, 81, 82, 83, 84, 85, 87, 88, 89, 90, 91, 92, 93, 94, 95, 96, 97, 98, 99, 100, 101, 102, 103, 105, 106, 107, 108, 109, 110, 111, 112, 113, 114, 115, 117, 118, 119, 120, 121, 122, 123, 124, 125, 126, 127, 128, 129, 130, 131, 132, 134, 135, 136, 137, 138, 139, 140, 141, 143, 144, 145, 146, 147, 148, 149, 150, 151, 152, 154, 155, 156, 157, 158, 159, 160, 161, 162, 163, 165, 166, 167, 168, 169, 170, 171, 172, 173, 174, 176, 177, 178, 179, 180, 181, 182, 183, 184, 185, 187, 188, 189, 190, 191, 192, 193, 194, 195, 197, 198, 200, 204, 371, 397, 430, 457, 491, 529, 553, 585, 609, 646, 670, 693, 716, 738, 760, 761, 763, 767, 822, 826, 845, 849, 878, 882, 886, 908, 912, 928, 953, 957, 998, 1016, 1034, 1051, 1070, 1103, 1106, 1108, 1110, 1111, 1399, 1400, 1426, 1427, 1460, 1461, 1492, 1493, 1501, 1502, 1510, 1511, 1515], "summary": {"covered_lines": 209, "num_statements": 210, "percent_covered": 99.52380952380952, "percent_covered_display": "99", "missing_lines": 1, "excluded_lines": 0}, "missing_lines": [1516], "excluded_lines": []}}, "classes": {"CampaignStatus": {"executed_lines": [], "summary": {"covered_lines": 0, "num_statements": 0, "percent_covered": 100.0, "percent_covered_display": "100", "missing_lines": 0, "excluded_lines": 0}, "missing_lines": [], "excluded_lines": []}, "AdFormat": {"executed_lines": [], "summary": {"covered_lines": 0, "num_statements": 0, "percent_covered": 100.0, "percent_covered_display": "100", "missing_lines": 0, "excluded_lines": 0}, "missing_lines": [], "excluded_lines": []}, "BidStrategy": {"executed_lines": [], "summary": {"covered_lines": 0, "num_statements": 0, "percent_covered": 100.0, "percent_covered_display": "100", "missing_lines": 0, "excluded_lines": 0}, "missing_lines": [], "excluded_lines": []}, "TargetingType": {"executed_lines": [], "summary": {"covered_lines": 0, "num_statements": 0, "percent_covered": 100.0, "percent_covered_display": "100", "missing_lines": 0, "excluded_lines": 0}, "missing_lines": [], "excluded_lines": []}, "AdStatus": {"executed_lines": [], "summary": {"covered_lines": 0, "num_statements": 0, "percent_covered": 100.0, "percent_covered_display": "100", "missing_lines": 0, "excluded_lines": 0}, "missing_lines": [], "excluded_lines": []}, "Advertiser": {"executed_lines": [], "summary": {"covered_lines": 0, "num_statements": 0, "percent_covered": 100.0, "percent_covered_display": "100", "missing_lines": 0, "excluded_lines": 0}, "missing_lines": [], "excluded_lines": []}, "Campaign": {"executed_lines": [], "summary": {"covered_lines": 0, "num_statements": 0, "percent_covered": 100.0, "percent_covered_display": "100", "missing_lines": 0, "excluded_lines": 0}, "missing_lines": [], "excluded_lines": []}, "AdGroup": {"executed_lines": [], "summary": {"covered_lines": 0, "num_statements": 0, "percent_covered": 100.0, "percent_covered_display": "100", "missing_lines": 0, "excluded_lines": 0}, "missing_lines": [], "excluded_lines": []}, "Ad": {"executed_lines": [], "summary": {"covered_lines": 0, "num_statements": 0, "percent_covered": 100.0, "percent_covered_display": "100", "missing_lines": 0, "excluded_lines": 0}, "missing_lines": [], "excluded_lines": []}, "Targeting": {"executed_lines": [], "summary": {"covered_lines": 0, "num_statements": 0, "percent_covered": 100.0, "percent_covered_display": "100", "missing_lines": 0, "excluded_lines": 0}, "missing_lines": [], "excluded_lines": []}, "BidRequest": {"executed_lines": [], "summary": {"covered_lines": 0, "num_statements": 0, "percent_covered": 100.0, "percent_covered_display": "100", "missing_lines": 0, "excluded_lines": 0}, "missing_lines": [], "excluded_lines": []}, "BidResponse": {"executed_lines": [], "summary": {"covered_lines": 0, "num_statements": 0, "percent_covered": 100.0, "percent_covered_display": "100", "missing_lines": 0, "excluded_lines": 0}, "missing_lines": [], "excluded_lines": []}, "AdImpression": {"executed_lines": [], "summary": {"covered_lines": 0, "num_statements": 0, "percent_covered": 100.0, "percent_covered_display": "100", "missing_lines": 0, "excluded_lines": 0}, "missing_lines": [], "excluded_lines": []}, "AdClick": {"executed_lines": [], "summary": {"covered_lines": 0, "num_statements": 0, "percent_covered": 100.0, "percent_covered_display": "100", "missing_lines": 0, "excluded_lines": 0}, "missing_lines": [], "excluded_lines": []}, "AdConversion": {"executed_lines": [], "summary": {"covered_lines": 0, "num_statements": 0, "percent_covered": 100.0, "percent_covered_display": "100", "missing_lines": 0, "excluded_lines": 0}, "missing_lines": [], "excluded_lines": []}, "AdTechDatabase": {"executed_lines": [201, 202, 206, 207, 210, 229, 250, 265, 285, 297, 311, 326, 340, 355, 368, 369, 373, 374, 375, 377, 390, 391, 392, 399, 400, 401, 403, 404, 406, 407, 422, 423, 424, 425, 432, 433, 434, 436, 450, 451, 452, 459, 460, 461, 463, 464, 466, 467, 483, 484, 485, 486, 493, 494, 495, 497, 503, 504, 505, 521, 523, 524, 531, 532, 533, 535, 546, 547, 548, 555, 556, 557, 559, 565, 566, 567, 577, 579, 580, 587, 588, 589, 591, 602, 603, 604, 611, 612, 613, 615, 621, 622, 623, 638, 640, 641, 648, 649, 650, 652, 663, 664, 665, 672, 673, 674, 676, 686, 687, 688, 695, 696, 697, 699, 709, 710, 711, 718, 719, 720, 722, 731, 732, 733, 740, 741, 742, 744, 753, 754, 755], "summary": {"covered_lines": 131, "num_statements": 173, "percent_covered": 75.72254335260115, "percent_covered_display": "76", "missing_lines": 42, "excluded_lines": 0}, "missing_lines": [393, 394, 395, 426, 427, 428, 453, 454, 455, 487, 488, 489, 525, 526, 527, 549, 550, 551, 581, 582, 583, 605, 606, 607, 642, 643, 644, 666, 667, 668, 689, 690, 691, 712, 713, 714, 734, 735, 736, 756, 757, 758], "excluded_lines": []}, "AdTechService": {"executed_lines": [764, 765, 770, 779, 782, 794, 797, 805, 808, 820, 824, 829, 831, 841, 842, 847, 854, 855, 856, 858, 860, 874, 875, 880, 884, 890, 891, 892, 894, 896, 904, 905, 910, 934, 936, 949, 950, 955, 960, 962, 971, 975, 976, 977, 980, 983, 985, 986, 994, 995, 1001, 1003, 1012, 1013, 1019, 1021, 1030, 1031, 1037, 1039, 1047, 1048, 1056, 1073, 1075, 1076, 1077, 1078, 1079, 1081, 1089], "summary": {"covered_lines": 71, "num_statements": 90, "percent_covered": 78.88888888888889, "percent_covered_display": "79", "missing_lines": 19, "excluded_lines": 0}, "missing_lines": [843, 876, 906, 916, 917, 920, 926, 951, 972, 996, 1014, 1032, 1049, 1082, 1083, 1084, 1085, 1086, 1087], "excluded_lines": []}, "": {"executed_lines": [2, 10, 11, 12, 13, 14, 15, 16, 17, 18, 19, 20, 21, 24, 25, 27, 28, 29, 30, 31, 32, 33, 35, 36, 37, 38, 39, 40, 41, 42, 44, 45, 46, 47, 48, 49, 50, 51, 53, 54, 55, 56, 57, 58, 59, 60, 62, 63, 64, 65, 66, 67, 68, 70, 71, 72, 73, 74, 75, 76, 77, 78, 79, 80, 81, 82, 83, 84, 85, 87, 88, 89, 90, 91, 92, 93, 94, 95, 96, 97, 98, 99, 100, 101, 102, 103, 105, 106, 107, 108, 109, 110, 111, 112, 113, 114, 115, 117, 118, 119, 120, 121, 122, 123, 124, 125, 126, 127, 128, 129, 130, 131, 132, 134, 135, 136, 137, 138, 139, 140, 141, 143, 144, 145, 146, 147, 148, 149, 150, 151, 152, 154, 155, 156, 157, 158, 159, 160, 161, 162, 163, 165, 166, 167, 168, 169, 170, 171, 172, 173, 174, 176, 177, 178, 179, 180, 181, 182, 183, 184, 185, 187, 188, 189, 190, 191, 192, 193, 194, 195, 197, 198, 200, 204, 371, 397, 430, 457, 491, 529, 553, 585, 609, 646, 670, 693, 716, 738, 760, 761, 763, 767, 822, 826, 845, 849, 878, 882, 886, 908, 912, 928, 953, 957, 998, 1016, 1034, 1051, 1070, 1103, 1106, 1108, 1110, 1111, 1399, 1400, 1402, 1404, 1405, 1406, 1407, 1409, 1410, 1419, 1420, 1426, 1427, 1429, 1431, 1432, 1433, 1436, 1437, 1438, 1440, 1451, 1452, 1455, 1456, 1460, 1461, 1463, 1465, 1466, 1467, 1468, 1470, 1471, 1479, 1480, 1492, 1493, 1495, 1496, 1497, 1501, 1502, 1504, 1505, 1506, 1510, 1511, 1513, 1515], "summary": {"covered_lines": 246, "num_statements": 262, "percent_covered": 93.89312977099236, "percent_covered_display": "94", "missing_lines": 16, "excluded_lines": 0}, "missing_lines": [1113, 1422, 1423, 1424, 1434, 1454, 1457, 1458, 1488, 1489, 1490, 1498, 1499, 1507, 1508, 1516], "excluded_lines": []}}}, "systems/adtech_platform/test_adtech.py": {"executed_lines": [2, 9, 10, 11, 12, 13, 14, 15, 16, 19, 21, 28, 29, 31, 33, 34, 35, 37, 39, 41, 43, 53, 56, 57, 58, 59, 61, 63, 75, 78, 79, 80, 81, 83, 86, 93, 96, 115, 116, 119, 120, 122, 123, 125, 127, 137, 140, 141, 142, 143, 145, 147, 160, 163, 164, 165, 166, 168, 171, 181, 184, 193, 195, 198, 208, 211, 221, 223, 225, 234, 236, 237, 239, 241, 242, 243, 245, 247, 249, 251, 259, 260, 261, 262, 264, 267, 275, 276, 277, 279, 282, 290, 299, 300, 301, 302, 304, 307, 314, 324, 325, 326, 328, 331, 339, 348, 358, 359, 360, 361, 362, 364, 367, 374, 384, 391, 392, 393, 394, 396, 399, 406, 416, 423, 431, 432, 433, 434, 435, 437, 440, 447, 456, 464, 474, 475, 476, 477, 479, 482, 489, 498, 506, 515, 525, 526, 527, 528, 529, 531, 534, 541, 550, 558, 568, 576, 577, 578, 579, 581, 584, 591, 600, 607, 617, 625, 626, 627, 628, 630, 633, 640, 649, 656, 666, 673, 681, 682, 683, 684, 686, 689, 696, 705, 712, 722, 728, 735, 742, 743, 744, 746, 749, 756, 766, 768, 769, 770, 771, 772, 773, 774, 775, 776, 777, 778, 779, 781, 784, 792, 794, 795, 796, 797, 798, 799, 800, 801, 802, 803, 804, 806, 807, 809, 811, 812, 815, 818, 819, 820, 823, 824, 826, 828, 830, 832, 840, 841, 843, 844, 845, 847, 849, 855, 856, 858, 859, 860, 862, 865, 872, 881, 882, 884, 885, 886, 888, 891, 898, 907, 908, 910, 911, 912, 914, 917, 924, 933, 940, 949, 957, 958, 960, 961, 962, 963, 964, 965, 967, 969, 975, 976, 978, 979, 980, 982, 985, 992, 1001, 1002, 1004, 1005, 1006, 1007, 1008, 1009, 1010, 1012, 1015, 1022, 1023, 1025, 1026, 1027, 1028, 1029, 1030, 1031, 1032, 1034, 1036, 1037, 1039, 1040, 1041, 1043, 1044, 1046, 1048, 1049, 1050, 1052, 1054, 1056, 1058, 1059, 1061, 1063, 1064, 1066, 1068, 1076, 1078, 1080, 1086, 1088, 1090, 1100, 1101, 1103, 1105, 1112, 1114, 1116, 1117, 1119, 1121, 1122, 1124, 1126, 1127, 1129, 1131, 1132, 1133, 1135, 1137, 1138, 1139, 1140, 1142, 1143, 1145, 1147, 1148, 1149, 1151, 1153, 1155, 1157, 1159, 1160, 1167, 1168, 1171, 1173, 1176, 1183, 1192, 1199, 1208, 1211, 1212, 1220, 1221, 1224, 1226], "summary": {"covered_lines": 381, "num_statements": 382, "percent_covered": 99.73821989528795, "percent_covered_display": "99", "missing_lines": 1, "excluded_lines": 0}, "missing_lines": [1227], "excluded_lines": [], "functions": {"TestAdTechDatabase.setUp": {"executed_lines": [33, 34, 35], "summary": {"covered_lines": 3, "num_statements": 3, "percent_covered": 100.0, "percent_covered_display": "100", "missing_lines": 0, "excluded_lines": 0}, "missing_lines": [], "excluded_lines": []}, "TestAdTechDatabase.tearDown": {"executed_lines": [39], "summary": {"covered_lines": 1, "num_statements": 1, "percent_covered": 100.0, "percent_covered_display": "100", "missing_lines": 0, "excluded_lines": 0}, "missing_lines": [], "excluded_lines": []}, "TestAdTechDatabase.test_save_and_get_advertiser": {"executed_lines": [43, 53, 56, 57, 58, 59], "summary": {"covered_lines": 6, "num_statements": 6, "percent_covered": 100.0, "percent_covered_display": "100", "missing_lines": 0, "excluded_lines": 0}, "missing_lines": [], "excluded_lines": []}, "TestAdTechDatabase.test_save_and_get_campaign": {"executed_lines": [63, 75, 78, 79, 80, 81], "summary": {"covered_lines": 6, "num_statements": 6, "percent_covered": 100.0, "percent_covered_display": "100", "missing_lines": 0, "excluded_lines": 0}, "missing_lines": [], "excluded_lines": []}, "TestAdTechDatabase.test_get_campaigns_by_advertiser": {"executed_lines": [86, 93, 96, 115, 116, 119, 120, 122, 123], "summary": {"covered_lines": 9, "num_statements": 9, "percent_covered": 100.0, "percent_covered_display": "100", "missing_lines": 0, "excluded_lines": 0}, "missing_lines": [], "excluded_lines": []}, "TestAdTechDatabase.test_save_and_get_ad_group": {"executed_lines": [127, 137, 140, 141, 142, 143], "summary": {"covered_lines": 6, "num_statements": 6, "percent_covered": 100.0, "percent_covered_display": "100", "missing_lines": 0, "excluded_lines": 0}, "missing_lines": [], "excluded_lines": []}, "TestAdTechDatabase.test_save_and_get_ad": {"executed_lines": [147, 160, 163, 164, 165, 166], "summary": {"covered_lines": 6, "num_statements": 6, "percent_covered": 100.0, "percent_covered_display": "100", "missing_lines": 0, "excluded_lines": 0}, "missing_lines": [], "excluded_lines": []}, "TestAdTechDatabase.test_bid_request_and_response": {"executed_lines": [171, 181, 184, 193], "summary": {"covered_lines": 4, "num_statements": 4, "percent_covered": 100.0, "percent_covered_display": "100", "missing_lines": 0, "excluded_lines": 0}, "missing_lines": [], "excluded_lines": []}, "TestAdTechDatabase.test_impression_and_click_tracking": {"executed_lines": [198, 208, 211, 221], "summary": {"covered_lines": 4, "num_statements": 4, "percent_covered": 100.0, "percent_covered_display": "100", "missing_lines": 0, "excluded_lines": 0}, "missing_lines": [], "excluded_lines": []}, "TestAdTechDatabase.test_conversion_tracking": {"executed_lines": [225, 234], "summary": {"covered_lines": 2, "num_statements": 2, "percent_covered": 100.0, "percent_covered_display": "100", "missing_lines": 0, "excluded_lines": 0}, "missing_lines": [], "excluded_lines": []}, "TestAdTechService.setUp": {"executed_lines": [241, 242, 243], "summary": {"covered_lines": 3, "num_statements": 3, "percent_covered": 100.0, "percent_covered_display": "100", "missing_lines": 0, "excluded_lines": 0}, "missing_lines": [], "excluded_lines": []}, "TestAdTechService.tearDown": {"executed_lines": [247], "summary": {"covered_lines": 1, "num_statements": 1, "percent_covered": 100.0, "percent_covered_display": "100", "missing_lines": 0, "excluded_lines": 0}, "missing_lines": [], "excluded_lines": []}, "TestAdTechService.test_create_advertiser": {"executed_lines": [251, 259, 260, 261, 262], "summary": {"covered_lines": 5, "num_statements": 5, "percent_covered": 100.0, "percent_covered_display": "100", "missing_lines": 0, "excluded_lines": 0}, "missing_lines": [], "excluded_lines": []}, "TestAdTechService.test_get_advertiser": {"executed_lines": [267, 275, 276, 277], "summary": {"covered_lines": 4, "num_statements": 4, "percent_covered": 100.0, "percent_covered_display": "100", "missing_lines": 0, "excluded_lines": 0}, "missing_lines": [], "excluded_lines": []}, "TestAdTechService.test_create_campaign": {"executed_lines": [282, 290, 299, 300, 301, 302], "summary": {"covered_lines": 6, "num_statements": 6, "percent_covered": 100.0, "percent_covered_display": "100", "missing_lines": 0, "excluded_lines": 0}, "missing_lines": [], "excluded_lines": []}, "TestAdTechService.test_get_campaign": {"executed_lines": [307, 314, 324, 325, 326], "summary": {"covered_lines": 5, "num_statements": 5, "percent_covered": 100.0, "percent_covered_display": "100", "missing_lines": 0, "excluded_lines": 0}, "missing_lines": [], "excluded_lines": []}, "TestAdTechService.test_get_campaigns_by_advertiser": {"executed_lines": [331, 339, 348, 358, 359, 360, 361, 362], "summary": {"covered_lines": 8, "num_statements": 8, "percent_covered": 100.0, "percent_covered_display": "100", "missing_lines": 0, "excluded_lines": 0}, "missing_lines": [], "excluded_lines": []}, "TestAdTechService.test_create_ad_group": {"executed_lines": [367, 374, 384, 391, 392, 393, 394], "summary": {"covered_lines": 7, "num_statements": 7, "percent_covered": 100.0, "percent_covered_display": "100", "missing_lines": 0, "excluded_lines": 0}, "missing_lines": [], "excluded_lines": []}, "TestAdTechService.test_get_ad_groups_by_campaign": {"executed_lines": [399, 406, 416, 423, 431, 432, 433, 434, 435], "summary": {"covered_lines": 9, "num_statements": 9, "percent_covered": 100.0, "percent_covered_display": "100", "missing_lines": 0, "excluded_lines": 0}, "missing_lines": [], "excluded_lines": []}, "TestAdTechService.test_create_ad": {"executed_lines": [440, 447, 456, 464, 474, 475, 476, 477], "summary": {"covered_lines": 8, "num_statements": 8, "percent_covered": 100.0, "percent_covered_display": "100", "missing_lines": 0, "excluded_lines": 0}, "missing_lines": [], "excluded_lines": []}, "TestAdTechService.test_get_ads_by_ad_group": {"executed_lines": [482, 489, 498, 506, 515, 525, 526, 527, 528, 529], "summary": {"covered_lines": 10, "num_statements": 10, "percent_covered": 100.0, "percent_covered_display": "100", "missing_lines": 0, "excluded_lines": 0}, "missing_lines": [], "excluded_lines": []}, "TestAdTechService.test_process_bid_request": {"executed_lines": [534, 541, 550, 558, 568, 576, 577, 578, 579], "summary": {"covered_lines": 9, "num_statements": 9, "percent_covered": 100.0, "percent_covered_display": "100", "missing_lines": 0, "excluded_lines": 0}, "missing_lines": [], "excluded_lines": []}, "TestAdTechService.test_record_impression": {"executed_lines": [584, 591, 600, 607, 617, 625, 626, 627, 628], "summary": {"covered_lines": 9, "num_statements": 9, "percent_covered": 100.0, "percent_covered_display": "100", "missing_lines": 0, "excluded_lines": 0}, "missing_lines": [], "excluded_lines": []}, "TestAdTechService.test_record_click": {"executed_lines": [633, 640, 649, 656, 666, 673, 681, 682, 683, 684], "
[...]
summary": {"covered_lines": 0, "num_statements": 21, "percent_covered": 0.0, "percent_covered_display": "0", "missing_lines": 21, "excluded_lines": 0}, "missing_lines": [320, 321, 324, 325, 326, 328, 330, 331, 332, 333, 334, 335, 336, 337, 340, 341, 342, 343, 344, 345, 346], "excluded_lines": []}, "TestTaskManager.test_print_progress_report": {"executed_lines": [], "summary": {"covered_lines": 0, "num_statements": 12, "percent_covered": 0.0, "percent_covered_display": "0", "missing_lines": 12, "excluded_lines": 0}, "missing_lines": [350, 351, 353, 355, 356, 358, 359, 360, 361, 362, 363, 364], "excluded_lines": []}, "TestTaskManager.test_print_tasks_no_filters": {"executed_lines": [], "summary": {"covered_lines": 0, "num_statements": 10, "percent_covered": 0.0, "percent_covered_display": "0", "missing_lines": 10, "excluded_lines": 0}, "missing_lines": [368, 369, 371, 373, 374, 376, 377, 380, 381, 382], "excluded_lines": []}, "TestTaskManager.test_print_tasks_with_filters": {"executed_lines": [], "summary": {"covered_lines": 0, "num_statements": 7, "percent_covered": 0.0, "percent_covered_display": "0", "missing_lines": 7, "excluded_lines": 0}, "missing_lines": [386, 387, 389, 391, 392, 394, 395], "excluded_lines": []}, "TestTaskManager.test_print_tasks_no_matches": {"executed_lines": [], "summary": {"covered_lines": 0, "num_statements": 6, "percent_covered": 0.0, "percent_covered_display": "0", "missing_lines": 6, "excluded_lines": 0}, "missing_lines": [399, 400, 402, 404, 405, 407], "excluded_lines": []}, "TestTaskManager.test_status_history_tracking": {"executed_lines": [], "summary": {"covered_lines": 0, "num_statements": 10, "percent_covered": 0.0, "percent_covered_display": "0", "missing_lines": 10, "excluded_lines": 0}, "missing_lines": [411, 413, 416, 417, 419, 421, 422, 423, 424, 425], "excluded_lines": []}, "TestTaskManager.test_task_status_validation": {"executed_lines": [], "summary": {"covered_lines": 0, "num_statements": 7, "percent_covered": 0.0, "percent_covered_display": "0", "missing_lines": 7, "excluded_lines": 0}, "missing_lines": [429, 432, 434, 435, 436, 439, 440], "excluded_lines": []}, "TestTaskManager.test_phase_progress_calculation": {"executed_lines": [], "summary": {"covered_lines": 0, "num_statements": 17, "percent_covered": 0.0, "percent_covered_display": "0", "missing_lines": 17, "excluded_lines": 0}, "missing_lines": [444, 445, 448, 449, 450, 451, 453, 456, 457, 459, 460, 461, 462, 463, 464, 465, 466], "excluded_lines": []}, "": {"executed_lines": [], "summary": {"covered_lines": 0, "num_statements": 42, "percent_covered": 0.0, "percent_covered_display": "0", "missing_lines": 42, "excluded_lines": 0}, "missing_lines": [5, 6, 7, 8, 9, 10, 11, 12, 15, 18, 27, 36, 53, 68, 76, 89, 107, 124, 131, 141, 149, 158, 174, 185, 196, 211, 228, 239, 247, 261, 269, 277, 292, 306, 318, 348, 366, 384, 397, 409, 427, 442], "excluded_lines": []}}, "classes": {"TestTaskManager": {"executed_lines": [], "summary": {"covered_lines": 0, "num_statements": 241, "percent_covered": 0.0, "percent_covered_display": "0", "missing_lines": 241, "excluded_lines": 0}, "missing_lines": [20, 22, 23, 24, 25, 29, 31, 32, 33, 34, 38, 39, 41, 42, 43, 46, 47, 48, 49, 50, 51, 55, 56, 58, 59, 62, 63, 64, 65, 66, 70, 71, 73, 74, 78, 80, 81, 82, 84, 85, 87, 91, 93, 94, 96, 98, 99, 101, 102, 103, 105, 109, 111, 112, 114, 116, 117, 119, 120, 122, 126, 128, 129, 133, 135, 137, 138, 139, 143, 145, 147, 151, 153, 155, 156, 160, 163, 166, 167, 168, 171, 172, 176, 177, 179, 180, 182, 183, 187, 188, 190, 191, 193, 194, 198, 199, 202, 207, 208, 209, 213, 215, 217, 219, 220, 223, 224, 225, 226, 230, 232, 234, 236, 237, 241, 243, 245, 249, 250, 253, 254, 256, 258, 259, 263, 265, 267, 271, 273, 275, 279, 280, 283, 284, 285, 286, 288, 290, 294, 295, 298, 299, 300, 302, 304, 308, 309, 311, 314, 315, 316, 320, 321, 324, 325, 326, 328, 330, 331, 332, 333, 334, 335, 336, 337, 340, 341, 342, 343, 344, 345, 346, 350, 351, 353, 355, 356, 358, 359, 360, 361, 362, 363, 364, 368, 369, 371, 373, 374, 376, 377, 380, 381, 382, 386, 387, 389, 391, 392, 394, 395, 399, 400, 402, 404, 405, 407, 411, 413, 416, 417, 419, 421, 422, 423, 424, 425, 429, 432, 434, 435, 436, 439, 440, 444, 445, 448, 449, 450, 451, 453, 456, 457, 459, 460, 461, 462, 463, 464, 465, 466], "excluded_lines": []}, "": {"executed_lines": [], "summary": {"covered_lines": 0, "num_statements": 42, "percent_covered": 0.0, "percent_covered_display": "0", "missing_lines": 42, "excluded_lines": 0}, "missing_lines": [5, 6, 7, 8, 9, 10, 11, 12, 15, 18, 27, 36, 53, 68, 76, 89, 107, 124, 131, 141, 149, 158, 174, 185, 196, 211, 228, 239, 247, 261, 269, 277, 292, 306, 318, 348, 366, 384, 397, 409, 427, 442], "excluded_lines": []}}}, "tests/test_task_master.py": {"executed_lines": [], "summary": {"covered_lines": 0, "num_statements": 321, "percent_covered": 0.0, "percent_covered_display": "0", "missing_lines": 321, "excluded_lines": 0}, "missing_lines": [5, 6, 7, 8, 9, 10, 11, 12, 13, 14, 17, 20, 22, 31, 32, 33, 34, 35, 36, 38, 40, 49, 50, 51, 52, 55, 58, 60, 65, 74, 75, 76, 77, 78, 79, 82, 85, 87, 88, 90, 91, 93, 95, 97, 98, 100, 101, 103, 109, 110, 112, 113, 114, 115, 116, 117, 119, 120, 122, 128, 129, 131, 132, 133, 134, 136, 137, 139, 141, 142, 144, 145, 146, 148, 149, 151, 153, 154, 156, 157, 158, 160, 161, 163, 165, 166, 168, 169, 170, 171, 172, 173, 175, 176, 178, 180, 181, 183, 184, 185, 186, 187, 189, 190, 192, 194, 195, 197, 198, 199, 200, 201, 204, 207, 209, 210, 212, 213, 214, 215, 217, 219, 220, 222, 224, 225, 227, 229, 230, 232, 233, 235, 237, 238, 240, 241, 243, 244, 246, 247, 249, 251, 252, 254, 257, 258, 259, 261, 262, 265, 266, 268, 269, 271, 273, 274, 276, 279, 280, 281, 282, 284, 285, 287, 288, 290, 292, 293, 295, 298, 299, 300, 305, 307, 308, 310, 312, 313, 315, 318, 323, 324, 326, 327, 329, 331, 332, 334, 335, 336, 337, 339, 341, 342, 344, 345, 347, 348, 349, 350, 352, 353, 355, 357, 358, 360, 363, 365, 366, 367, 368, 369, 370, 372, 373, 376, 381, 382, 384, 387, 389, 390, 391, 392, 394, 396, 397, 399, 402, 403, 405, 407, 408, 409, 410, 411, 413, 415, 416, 418, 420, 422, 423, 425, 428, 430, 431, 433, 435, 436, 438, 439, 441, 443, 445, 446, 448, 451, 453, 454, 456, 458, 459, 461, 462, 464, 466, 468, 470, 471, 473, 475, 476, 478, 481, 482, 485, 486, 488, 489, 490, 491, 492, 493, 494, 495, 496, 497, 498, 499, 501, 502, 503, 505, 507, 508, 510, 511, 513, 516, 517, 519, 523, 525, 527, 529, 530, 532, 535, 536, 538, 539, 540, 542, 544, 545, 546, 548, 549, 550, 551], "excluded_lines": [], "functions": {"TestExecutionResult.test_execution_result_creation": {"executed_lines": [], "summary": {"covered_lines": 0, "num_statements": 7, "percent_covered": 0.0, "percent_covered_display": "0", "missing_lines": 7, "excluded_lines": 0}, "missing_lines": [22, 31, 32, 33, 34, 35, 36], "excluded_lines": []}, "TestExecutionResult.test_execution_result_failure": {"executed_lines": [], "summary": {"covered_lines": 0, "num_statements": 5, "percent_covered": 0.0, "percent_covered_display": "0", "missing_lines": 5, "excluded_lines": 0}, "missing_lines": [40, 49, 50, 51, 52], "excluded_lines": []}, "TestPhaseResult.test_phase_result_creation": {"executed_lines": [], "summary": {"covered_lines": 0, "num_statements": 8, "percent_covered": 0.0, "percent_covered_display": "0", "missing_lines": 8, "excluded_lines": 0}, "missing_lines": [60, 65, 74, 75, 76, 77, 78, 79], "excluded_lines": []}, "TestTaskExecutor.test_initialization": {"executed_lines": [], "summary": {"covered_lines": 0, "num_statements": 4, "percent_covered": 0.0, "percent_covered_display": "0", "missing_lines": 4, "excluded_lines": 0}, "missing_lines": [87, 88, 90, 91], "excluded_lines": []}, "TestTaskExecutor.test_initialization_empty_context": {"executed_lines": [], "summary": {"covered_lines": 0, "num_statements": 3, "percent_covered": 0.0, "percent_covered_display": "0", "missing_lines": 3, "excluded_lines": 0}, "missing_lines": [95, 97, 98], "excluded_lines": []}, "TestTaskExecutor.test_execute_command_success": {"executed_lines": [], "summary": {"covered_lines": 0, "num_statements": 9, "percent_covered": 0.0, "percent_covered_display": "0", "missing_lines": 9, "excluded_lines": 0}, "missing_lines": [103, 109, 110, 112, 113, 114, 115, 116, 117], "excluded_lines": []}, "TestTaskExecutor.test_execute_command_failure": {"executed_lines": [], "summary": {"covered_lines": 0, "num_statements": 7, "percent_covered": 0.0, "percent_covered_display": "0", "missing_lines": 7, "excluded_lines": 0}, "missing_lines": [122, 128, 129, 131, 132, 133, 134], "excluded_lines": []}, "TestTaskExecutor.test_execute_command_timeout": {"executed_lines": [], "summary": {"covered_lines": 0, "num_statements": 6, "percent_covered": 0.0, "percent_covered_display": "0", "missing_lines": 6, "excluded_lines": 0}, "missing_lines": [139, 141, 142, 144, 145, 146], "excluded_lines": []}, "TestTaskExecutor.test_execute_command_exception": {"executed_lines": [], "summary": {"covered_lines": 0, "num_statements": 6, "percent_covered": 0.0, "percent_covered_display": "0", "missing_lines": 6, "excluded_lines": 0}, "missing_lines": [151, 153, 154, 156, 157, 158], "excluded_lines": []}, "TestTaskExecutor.test_execute_terraform_command": {"executed_lines": [], "summary": {"covered_lines": 0, "num_statements": 9, "percent_covered": 0.0, "percent_covered_display": "0", "missing_lines": 9, "excluded_lines": 0}, "missing_lines": [163, 165, 166, 168, 169, 170, 171, 172, 173], "excluded_lines": []}, "TestTaskExecutor.test_execute_kubectl_command": {"executed_lines": [], "summary": {"covered_lines": 0, "num_statements": 8, "percent_covered": 0.0, "percent_covered_display": "0", "missing_lines": 8, "excluded_lines": 0}, "missing_lines": [178, 180, 181, 183, 184, 185, 186, 187], "excluded_lines": []}, "TestTaskExecutor.test_execute_argocd_command": {"executed_lines": [], "summary": {"covered_lines": 0, "num_statements": 8, "percent_covered": 0.0, "percent_covered_display": "0", "missing_lines": 8, "excluded_lines": 0}, "missing_lines": [192, 194, 195, 197, 198, 199, 200, 201], "excluded_lines": []}, "TestTaskMaster.test_initialization": {"executed_lines": [], "summary": {"covered_lines": 0, "num_statements": 6, "percent_covered": 0.0, "percent_covered_display": "0", "missing_lines": 6, "excluded_lines": 0}, "missing_lines": [209, 210, 212, 213, 214, 215], "excluded_lines": []}, "TestTaskMaster.test_initialization_with_task_manager": {"executed_lines": [], "summary": {"covered_lines": 0, "num_statements": 5, "percent_covered": 0.0, "percent_covered_display": "0", "missing_lines": 5, "excluded_lines": 0}, "missing_lines": [219, 220, 222, 224, 225], "excluded_lines": []}, "TestTaskMaster.test_execute_task_no_task_manager": {"executed_lines": [], "summary": {"covered_lines": 0, "num_statements": 4, "percent_covered": 0.0, "percent_covered_display": "0", "missing_lines": 4, "excluded_lines": 0}, "missing_lines": [229, 230, 232, 233], "excluded_lines": []}, "TestTaskMaster.test_execute_task_nonexistent": {"executed_lines": [], "summary": {"covered_lines": 0, "num_statements": 6, "percent_covered": 0.0, "percent_covered_display": "0", "missing_lines": 6, "excluded_lines": 0}, "missing_lines": [237, 238, 240, 241, 243, 244], "excluded_lines": []}, "TestTaskMaster.test_execute_task_terraform": {"executed_lines": [], "summary": {"covered_lines": 0, "num_statements": 11, "percent_covered": 0.0, "percent_covered_display": "0", "missing_lines": 11, "excluded_lines": 0}, "missing_lines": [249, 251, 252, 254, 257, 258, 259, 261, 262, 265, 266], "excluded_lines": []}, "TestTaskMaster.test_execute_task_k8s": {"executed_lines": [], "summary": {"covered_lines": 0, "num_statements": 10, "percent_covered": 0.0, "percent_covered_display": "0", "missing_lines": 10, "excluded_lines": 0}, "missing_lines": [271, 273, 274, 276, 279, 280, 281, 282, 284, 285], "excluded_lines": []}, "TestTaskMaster.test_execute_task_argocd": {"executed_lines": [], "summary": {"covered_lines": 0, "num_statements": 10, "percent_covered": 0.0, "percent_covered_display": "0", "missing_lines": 10, "excluded_lines": 0}, "missing_lines": [290, 292, 293, 295, 298, 299, 300, 305, 307, 308], "excluded_lines": []}, "TestTaskMaster.test_execute_task_generic": {"executed_lines": [], "summary": {"covered_lines": 0, "num_statements": 8, "percent_covered": 0.0, "percent_covered_display": "0", "missing_lines": 8, "excluded_lines": 0}, "missing_lines": [312, 313, 315, 318, 323, 324, 326, 327], "excluded_lines": []}, "TestTaskMaster.test_execute_phase_no_task_manager": {"executed_lines": [], "summary": {"covered_lines": 0, "num_statements": 6, "percent_covered": 0.0, "percent_covered_display": "0", "missing_lines": 6, "excluded_lines": 0}, "missing_lines": [331, 332, 334, 335, 336, 337], "excluded_lines": []}, "TestTaskMaster.test_execute_phase_nonexistent": {"executed_lines": [], "summary": {"covered_lines": 0, "num_statements": 8, "percent_covered": 0.0, "percent_covered_display": "0", "missing_lines": 8, "excluded_lines": 0}, "missing_lines": [341, 342, 344, 345, 347, 348, 349, 350], "excluded_lines": []}, "TestTaskMaster.test_execute_phase_success": {"executed_lines": [], "summary": {"covered_lines": 0, "num_statements": 11, "percent_covered": 0.0, "percent_covered_display": "0", "missing_lines": 11, "excluded_lines": 0}, "missing_lines": [355, 357, 358, 360, 363, 365, 366, 367, 368, 369, 370], "excluded_lines": []}, "TestTaskMaster.test_execute_phase_with_failure": {"executed_lines": [], "summary": {"covered_lines": 0, "num_statements": 9, "percent_covered": 0.0, "percent_covered_display": "0", "missing_lines": 9, "excluded_lines": 0}, "missing_lines": [376, 381, 382, 384, 387, 389, 390, 391, 392], "excluded_lines": []}, "TestTaskMaster.test_get_execution_log": {"executed_lines": [], "summary": {"covered_lines": 0, "num_statements": 11, "percent_covered": 0.0, "percent_covered_display": "0", "missing_lines": 11, "excluded_lines": 0}, "missing_lines": [396, 397, 399, 402, 403, 405, 407, 408, 409, 410, 411], "excluded_lines": []}, "TestTaskMaster.test_get_execution_log_no_task_manager": {"executed_lines": [], "summary": {"covered_lines": 0, "num_statements": 3, "percent_covered": 0.0, "percent_covered_display": "0", "missing_lines": 3, "excluded_lines": 0}, "missing_lines": [415, 416, 418], "excluded_lines": []}, "TestTaskMaster.test_save_execution_log_json": {"executed_lines": [], "summary": {"covered_lines": 0, "num_statements": 12, "percent_covered": 0.0, "percent_covered_display": "0", "missing_lines": 12, "excluded_lines": 0}, "missing_lines": [422, 423, 425, 428, 430, 431, 433, 435, 436, 438, 439, 441], "excluded_lines": []}, "TestTaskMaster.test_save_execution_log_yaml": {"executed_lines": [], "summary": {"covered_lines": 0, "num_statements": 12, "percent_covered": 0.0, "percent_covered_display": "0", "missing_lines": 12, "excluded_lines": 0}, "missing_lines": [445, 446, 448, 451, 453, 454, 456, 458, 459, 461, 462, 464], "excluded_lines": []}, "TestTaskMaster.test_save_execution_log_invalid_format": {"executed_lines": [], "summary": {"covered_lines": 0, "num_statements": 3, "percent_covered": 0.0, "percent_covered_display": "0", "missing_lines": 3, "excluded_lines": 0}, "missing_lines": [468, 470, 471], "excluded_lines": []}, "TestTaskMaster.test_task_type_detection": {"executed_lines": [], "summary": {"covered_lines": 0, "num_statements": 22, "percent_covered": 0.0, "percent_covered_display": "0", "missing_lines": 22, "excluded_lines": 0}, "missing_lines": [475, 476, 478, 481, 482, 485, 486, 488, 489, 490, 491, 492, 493, 494, 495, 496, 497, 498, 499, 501, 502, 503], "excluded_lines": []}, "TestTaskMaster.test_context_merging": {"executed_lines": [], "summary": {"covered_lines": 0, "num_statements": 10, "percent_covered": 0.0, "percent_covered_display": "0", "missing_lines": 10, "excluded_lines": 0}, "missing_lines": [507, 508, 510, 511, 513, 516, 517, 519, 523, 525], "excluded_lines": []}, "TestTaskMaster.test_stop_on_failure_option": {"executed_lines": [], "summary": {"covered_lines": 0, "num_statements": 12, "percent_covered": 0.0, "percent_covered_display": "0", "missing_lines": 12, "excluded_lines": 0}, "missing_lines": [529, 530, 532, 535, 536, 544, 545, 546, 548, 549, 550, 551], "excluded_lines": []}, "TestTaskMaster.test_stop_on_failure_option.mock_execute_side_effect": {"executed_lines": [], "summary": {"covered_lines": 0, "num_statements": 4, "percent_covered": 0.0, "percent_covered_display": "0", "missing_lines": 4, "excluded_lines": 0}, "missing_lines": [538, 539, 540, 542], "excluded_lines": []}, "": {"executed_lines": [], "summary": {"covered_lines": 0, "num_statements": 58, "percent_covered": 0.0, "percent_covered_display": "0", "missing_lines": 58, "excluded_lines": 0}, "missing_lines": [5, 6, 7, 8, 9, 10, 11, 12, 13, 14, 17, 20, 38, 55, 58, 82, 85, 93, 100, 101, 119, 120, 136, 137, 148, 149, 160, 161, 175, 176, 189, 190, 204, 207, 217, 227, 235, 246, 247, 268, 269, 287, 288, 310, 329, 339, 352, 353, 372, 373, 394, 413, 420, 443, 466, 473, 505, 527], "excluded_lines": []}}, "classes": {"TestExecutionResult": {"executed_lines": [], "summary": {"covered_lines": 0, "num_statements": 12, "percent_covered": 0.0, "percent_covered_display": "0", "missing_lines": 12, "excluded_lines": 0}, "missing_lines": [22, 31, 32, 33, 34, 35, 36, 40, 49, 50, 51, 52], "excluded_lines": []}, "TestPhaseResult": {"executed_lines": [], "summary": {"covered_lines": 0, "num_statements": 8, "percent_covered": 0.0, "percent_covered_display": "0", "missing_lines": 8, "excluded_lines": 0}, "missing_lines": [60, 65, 74, 75, 76, 77, 78, 79], "excluded_lines": []}, "TestTaskExecutor": {"executed_lines": [], "summary": {"covered_lines": 0, "num_statements": 60, "percent_covered": 0.0, "percent_covered_display": "0", "missing_lines": 60, "excluded_lines": 0}, "missing_lines": [87, 88, 90, 91, 95, 97, 98, 103, 109, 110, 112, 113, 114, 115, 116, 117, 122, 128, 129, 131, 132, 133, 134, 139, 141, 142, 144, 145, 146, 151, 153, 154, 156, 157, 158, 163, 165, 166, 168, 169, 170, 171, 172, 173, 178, 180, 181, 183, 184, 185, 186, 187, 192, 194, 195, 197, 198, 199, 200, 201], "excluded_lines": []}, "TestTaskMaster": {"executed_lines": [], "summary": {"covered_lines": 0, "num_statements": 183, "percent_covered": 0.0, "percent_covered_display": "0", "missing_lines": 183, "excluded_lines": 0}, "missing_lines": [209, 210, 212, 213, 214, 215, 219, 220, 222, 224, 225, 229, 230, 232, 233, 237, 238, 240, 241, 243, 244, 249, 251, 252, 254, 257, 258, 259, 261, 262, 265, 266, 271, 273, 274, 276, 279, 280, 281, 282, 284, 285, 290, 292, 293, 295, 298, 299, 300, 305, 307, 308, 312, 313, 315, 318, 323, 324, 326, 327, 331, 332, 334, 335, 336, 337, 341, 342, 344, 345, 347, 348, 349, 350, 355, 357, 358, 360, 363, 365, 366, 367, 368, 369, 370, 376, 381, 382, 384, 387, 389, 390, 391, 392, 396, 397, 399, 402, 403, 405, 407, 408, 409, 410, 411, 415, 416, 418, 422, 423, 425, 428, 430, 431, 433, 435, 436, 438, 439, 441, 445, 446, 448, 451, 453, 454, 456, 458, 459, 461, 462, 464, 468, 470, 471, 475, 476, 478, 481, 482, 485, 486, 488, 489, 490, 491, 492, 493, 494, 495, 496, 497, 498, 499, 501, 502, 503, 507, 508, 510, 511, 513, 516, 517, 519, 523, 525, 529, 530, 532, 535, 536, 538, 539, 540, 542, 544, 545, 546, 548, 549, 550, 551], "excluded_lines": []}, "": {"executed_lines": [], "summary": {"covered_lines": 0, "num_statements": 58, "percent_covered": 0.0, "percent_covered_display": "0", "missing_lines": 58, "excluded_lines": 0}, "missing_lines": [5, 6, 7, 8, 9, 10, 11, 12, 13, 14, 17, 20, 38, 55, 58, 82, 85, 93, 100, 101, 119, 120, 136, 137, 148, 149, 160, 161, 175, 176, 189, 190, 204, 207, 217, 227, 235, 246, 247, 268, 269, 287, 288, 310, 329, 339, 352, 353, 372, 373, 394, 413, 420, 443, 466, 473, 505, 527], "excluded_lines": []}}}}, "totals": {"covered_lines": 13345, "num_statements": 16816, "percent_covered": 79.35894386298763, "percent_covered_display": "79", "missing_lines": 3471, "excluded_lines": 0}}